{"total": {"lines":{"total":22856,"covered":1278,"skipped":0,"pct":5.59},"statements":{"total":25191,"covered":1354,"skipped":0,"pct":5.37},"functions":{"total":5885,"covered":289,"skipped":0,"pct":4.91},"branches":{"total":19617,"covered":782,"skipped":0,"pct":3.98},"branchesTrue":{"total":0,"covered":0,"skipped":0,"pct":100}}
,"/home/marouane/Downloads/ chafi3-marouane-kermaoui/greenmarket/src/App.jsx": {"lines":{"total":2,"covered":0,"skipped":0,"pct":0},"functions":{"total":1,"covered":0,"skipped":0,"pct":0},"statements":{"total":2,"covered":0,"skipped":0,"pct":0},"branches":{"total":0,"covered":0,"skipped":0,"pct":100}}
,"/home/marouane/Downloads/ chafi3-marouane-kermaoui/greenmarket/src/api/app.js": {"lines":{"total":3,"covered":0,"skipped":0,"pct":0},"functions":{"total":1,"covered":0,"skipped":0,"pct":0},"statements":{"total":3,"covered":0,"skipped":0,"pct":0},"branches":{"total":0,"covered":0,"skipped":0,"pct":100}}
,"/home/marouane/Downloads/ chafi3-marouane-kermaoui/greenmarket/src/api/driver.integration.js": {"lines":{"total":2,"covered":0,"skipped":0,"pct":0},"functions":{"total":1,"covered":0,"skipped":0,"pct":0},"statements":{"total":2,"covered":0,"skipped":0,"pct":0},"branches":{"total":0,"covered":0,"skipped":0,"pct":100}}
,"/home/marouane/Downloads/ chafi3-marouane-kermaoui/greenmarket/src/api/server.js": {"lines":{"total":16,"covered":0,"skipped":0,"pct":0},"functions":{"total":4,"covered":0,"skipped":0,"pct":0},"statements":{"total":16,"covered":0,"skipped":0,"pct":0},"branches":{"total":2,"covered":0,"skipped":0,"pct":0}}
,"/home/marouane/Downloads/ chafi3-marouane-kermaoui/greenmarket/src/api/config/db.js": {"lines":{"total":12,"covered":0,"skipped":0,"pct":0},"functions":{"total":1,"covered":0,"skipped":0,"pct":0},"statements":{"total":12,"covered":0,"skipped":0,"pct":0},"branches":{"total":4,"covered":0,"skipped":0,"pct":0}}
,"/home/marouane/Downloads/ chafi3-marouane-kermaoui/greenmarket/src/api/controllers/driver.controller.js": {"lines":{"total":39,"covered":0,"skipped":0,"pct":0},"functions":{"total":6,"covered":0,"skipped":0,"pct":0},"statements":{"total":39,"covered":0,"skipped":0,"pct":0},"branches":{"total":18,"covered":0,"skipped":0,"pct":0}}
,"/home/marouane/Downloads/ chafi3-marouane-kermaoui/greenmarket/src/api/middleware/asyncHandler.js": {"lines":{"total":2,"covered":0,"skipped":0,"pct":0},"functions":{"total":2,"covered":0,"skipped":0,"pct":0},"statements":{"total":3,"covered":0,"skipped":0,"pct":0},"branches":{"total":0,"covered":0,"skipped":0,"pct":100}}
,"/home/marouane/Downloads/ chafi3-marouane-kermaoui/greenmarket/src/api/middleware/auth.js": {"lines":{"total":18,"covered":0,"skipped":0,"pct":0},"functions":{"total":3,"covered":0,"skipped":0,"pct":0},"statements":{"total":19,"covered":0,"skipped":0,"pct":0},"branches":{"total":6,"covered":0,"skipped":0,"pct":0}}
,"/home/marouane/Downloads/ chafi3-marouane-kermaoui/greenmarket/src/api/middleware/errorMiddleware.js": {"lines":{"total":8,"covered":0,"skipped":0,"pct":0},"functions":{"total":1,"covered":0,"skipped":0,"pct":0},"statements":{"total":8,"covered":0,"skipped":0,"pct":0},"branches":{"total":10,"covered":0,"skipped":0,"pct":0}}
,"/home/marouane/Downloads/ chafi3-marouane-kermaoui/greenmarket/src/api/middleware/notFoundMiddleware.js": {"lines":{"total":2,"covered":0,"skipped":0,"pct":0},"functions":{"total":1,"covered":0,"skipped":0,"pct":0},"statements":{"total":2,"covered":0,"skipped":0,"pct":0},"branches":{"total":0,"covered":0,"skipped":0,"pct":100}}
,"/home/marouane/Downloads/ chafi3-marouane-kermaoui/greenmarket/src/api/routes/admin-drivers.routes.js": {"lines":{"total":50,"covered":0,"skipped":0,"pct":0},"functions":{"total":5,"covered":0,"skipped":0,"pct":0},"statements":{"total":50,"covered":0,"skipped":0,"pct":0},"branches":{"total":14,"covered":0,"skipped":0,"pct":0}}
,"/home/marouane/Downloads/ chafi3-marouane-kermaoui/greenmarket/src/api/routes/driver.routes.js": {"lines":{"total":7,"covered":0,"skipped":0,"pct":0},"functions":{"total":0,"covered":0,"skipped":0,"pct":100},"statements":{"total":7,"covered":0,"skipped":0,"pct":0},"branches":{"total":0,"covered":0,"skipped":0,"pct":100}}
,"/home/marouane/Downloads/ chafi3-marouane-kermaoui/greenmarket/src/api/routes/index.js": {"lines":{"total":3,"covered":0,"skipped":0,"pct":0},"functions":{"total":0,"covered":0,"skipped":0,"pct":100},"statements":{"total":3,"covered":0,"skipped":0,"pct":0},"branches":{"total":0,"covered":0,"skipped":0,"pct":100}}
,"/home/marouane/Downloads/ chafi3-marouane-kermaoui/greenmarket/src/api/services/driver.service.js": {"lines":{"total":19,"covered":0,"skipped":0,"pct":0},"functions":{"total":6,"covered":0,"skipped":0,"pct":0},"statements":{"total":19,"covered":0,"skipped":0,"pct":0},"branches":{"total":16,"covered":0,"skipped":0,"pct":0}}
,"/home/marouane/Downloads/ chafi3-marouane-kermaoui/greenmarket/src/api/utils/AppError.js": {"lines":{"total":6,"covered":0,"skipped":0,"pct":0},"functions":{"total":1,"covered":0,"skipped":0,"pct":0},"statements":{"total":6,"covered":0,"skipped":0,"pct":0},"branches":{"total":4,"covered":0,"skipped":0,"pct":0}}
,"/home/marouane/Downloads/ chafi3-marouane-kermaoui/greenmarket/src/api/utils/errorHandler.js": {"lines":{"total":5,"covered":0,"skipped":0,"pct":0},"functions":{"total":1,"covered":0,"skipped":0,"pct":0},"statements":{"total":5,"covered":0,"skipped":0,"pct":0},"branches":{"total":4,"covered":0,"skipped":0,"pct":0}}
,"/home/marouane/Downloads/ chafi3-marouane-kermaoui/greenmarket/src/components/CookieConsent.jsx": {"lines":{"total":51,"covered":0,"skipped":0,"pct":0},"functions":{"total":17,"covered":0,"skipped":0,"pct":0},"statements":{"total":51,"covered":0,"skipped":0,"pct":0},"branches":{"total":8,"covered":0,"skipped":0,"pct":0}}
,"/home/marouane/Downloads/ chafi3-marouane-kermaoui/greenmarket/src/components/ErrorBoundary.jsx": {"lines":{"total":22,"covered":17,"skipped":0,"pct":77.27},"functions":{"total":8,"covered":6,"skipped":0,"pct":75},"statements":{"total":23,"covered":18,"skipped":0,"pct":78.26},"branches":{"total":13,"covered":10,"skipped":0,"pct":76.92}}
,"/home/marouane/Downloads/ chafi3-marouane-kermaoui/greenmarket/src/components/Navbar.jsx": {"lines":{"total":49,"covered":0,"skipped":0,"pct":0},"functions":{"total":20,"covered":0,"skipped":0,"pct":0},"statements":{"total":52,"covered":0,"skipped":0,"pct":0},"branches":{"total":56,"covered":0,"skipped":0,"pct":0}}
,"/home/marouane/Downloads/ chafi3-marouane-kermaoui/greenmarket/src/components/NotFound.jsx": {"lines":{"total":2,"covered":0,"skipped":0,"pct":0},"functions":{"total":1,"covered":0,"skipped":0,"pct":0},"statements":{"total":2,"covered":0,"skipped":0,"pct":0},"branches":{"total":0,"covered":0,"skipped":0,"pct":100}}
,"/home/marouane/Downloads/ chafi3-marouane-kermaoui/greenmarket/src/components/ProtectedRoute.jsx": {"lines":{"total":59,"covered":0,"skipped":0,"pct":0},"functions":{"total":17,"covered":0,"skipped":0,"pct":0},"statements":{"total":60,"covered":0,"skipped":0,"pct":0},"branches":{"total":35,"covered":0,"skipped":0,"pct":0}}
,"/home/marouane/Downloads/ chafi3-marouane-kermaoui/greenmarket/src/components/ReportAbuseModal.jsx": {"lines":{"total":40,"covered":0,"skipped":0,"pct":0},"functions":{"total":10,"covered":0,"skipped":0,"pct":0},"statements":{"total":42,"covered":0,"skipped":0,"pct":0},"branches":{"total":26,"covered":0,"skipped":0,"pct":0}}
,"/home/marouane/Downloads/ chafi3-marouane-kermaoui/greenmarket/src/components/Unauthorized.jsx": {"lines":{"total":2,"covered":0,"skipped":0,"pct":0},"functions":{"total":1,"covered":0,"skipped":0,"pct":0},"statements":{"total":2,"covered":0,"skipped":0,"pct":0},"branches":{"total":0,"covered":0,"skipped":0,"pct":100}}
,"/home/marouane/Downloads/ chafi3-marouane-kermaoui/greenmarket/src/components/Chat/ChatList.jsx": {"lines":{"total":21,"covered":0,"skipped":0,"pct":0},"functions":{"total":7,"covered":0,"skipped":0,"pct":0},"statements":{"total":21,"covered":0,"skipped":0,"pct":0},"branches":{"total":39,"covered":0,"skipped":0,"pct":0}}
,"/home/marouane/Downloads/ chafi3-marouane-kermaoui/greenmarket/src/components/Chat/ChatMessage.jsx": {"lines":{"total":17,"covered":0,"skipped":0,"pct":0},"functions":{"total":6,"covered":0,"skipped":0,"pct":0},"statements":{"total":17,"covered":0,"skipped":0,"pct":0},"branches":{"total":36,"covered":0,"skipped":0,"pct":0}}
,"/home/marouane/Downloads/ chafi3-marouane-kermaoui/greenmarket/src/components/Chat/ChatWindow.jsx": {"lines":{"total":107,"covered":0,"skipped":0,"pct":0},"functions":{"total":29,"covered":0,"skipped":0,"pct":0},"statements":{"total":117,"covered":0,"skipped":0,"pct":0},"branches":{"total":49,"covered":0,"skipped":0,"pct":0}}
,"/home/marouane/Downloads/ chafi3-marouane-kermaoui/greenmarket/src/components/Chat/FilePreview.jsx": {"lines":{"total":14,"covered":0,"skipped":0,"pct":0},"functions":{"total":3,"covered":0,"skipped":0,"pct":0},"statements":{"total":17,"covered":0,"skipped":0,"pct":0},"branches":{"total":36,"covered":0,"skipped":0,"pct":0}}
,"/home/marouane/Downloads/ chafi3-marouane-kermaoui/greenmarket/src/components/Reports/ExportButtons.jsx": {"lines":{"total":21,"covered":0,"skipped":0,"pct":0},"functions":{"total":4,"covered":0,"skipped":0,"pct":0},"statements":{"total":22,"covered":0,"skipped":0,"pct":0},"branches":{"total":25,"covered":0,"skipped":0,"pct":0}}
,"/home/marouane/Downloads/ chafi3-marouane-kermaoui/greenmarket/src/components/Reports/ReportPreview.jsx": {"lines":{"total":22,"covered":0,"skipped":0,"pct":0},"functions":{"total":7,"covered":0,"skipped":0,"pct":0},"statements":{"total":22,"covered":0,"skipped":0,"pct":0},"branches":{"total":31,"covered":0,"skipped":0,"pct":0}}
,"/home/marouane/Downloads/ chafi3-marouane-kermaoui/greenmarket/src/components/SEO/SEO.jsx": {"lines":{"total":8,"covered":0,"skipped":0,"pct":0},"functions":{"total":1,"covered":0,"skipped":0,"pct":0},"statements":{"total":8,"covered":0,"skipped":0,"pct":0},"branches":{"total":23,"covered":0,"skipped":0,"pct":0}}
,"/home/marouane/Downloads/ chafi3-marouane-kermaoui/greenmarket/src/components/Search/SearchBar.jsx": {"lines":{"total":71,"covered":0,"skipped":0,"pct":0},"functions":{"total":19,"covered":0,"skipped":0,"pct":0},"statements":{"total":82,"covered":0,"skipped":0,"pct":0},"branches":{"total":54,"covered":0,"skipped":0,"pct":0}}
,"/home/marouane/Downloads/ chafi3-marouane-kermaoui/greenmarket/src/components/admin/VerificationPanel.jsx": {"lines":{"total":28,"covered":0,"skipped":0,"pct":0},"functions":{"total":9,"covered":0,"skipped":0,"pct":0},"statements":{"total":30,"covered":0,"skipped":0,"pct":0},"branches":{"total":22,"covered":0,"skipped":0,"pct":0}}
,"/home/marouane/Downloads/ chafi3-marouane-kermaoui/greenmarket/src/components/auth/MFASetup.jsx": {"lines":{"total":70,"covered":0,"skipped":0,"pct":0},"functions":{"total":9,"covered":0,"skipped":0,"pct":0},"statements":{"total":71,"covered":0,"skipped":0,"pct":0},"branches":{"total":39,"covered":0,"skipped":0,"pct":0}}
,"/home/marouane/Downloads/ chafi3-marouane-kermaoui/greenmarket/src/components/auth/MFAVerify.jsx": {"lines":{"total":148,"covered":0,"skipped":0,"pct":0},"functions":{"total":21,"covered":0,"skipped":0,"pct":0},"statements":{"total":157,"covered":0,"skipped":0,"pct":0},"branches":{"total":93,"covered":0,"skipped":0,"pct":0}}
,"/home/marouane/Downloads/ chafi3-marouane-kermaoui/greenmarket/src/components/auth/PhoneVerification.jsx": {"lines":{"total":98,"covered":0,"skipped":0,"pct":0},"functions":{"total":21,"covered":0,"skipped":0,"pct":0},"statements":{"total":103,"covered":0,"skipped":0,"pct":0},"branches":{"total":84,"covered":0,"skipped":0,"pct":0}}
,"/home/marouane/Downloads/ chafi3-marouane-kermaoui/greenmarket/src/components/auth/ProtectedRoute.jsx": {"lines":{"total":41,"covered":0,"skipped":0,"pct":0},"functions":{"total":7,"covered":0,"skipped":0,"pct":0},"statements":{"total":44,"covered":0,"skipped":0,"pct":0},"branches":{"total":48,"covered":0,"skipped":0,"pct":0}}
,"/home/marouane/Downloads/ chafi3-marouane-kermaoui/greenmarket/src/components/auth/SessionManager.jsx": {"lines":{"total":65,"covered":0,"skipped":0,"pct":0},"functions":{"total":14,"covered":0,"skipped":0,"pct":0},"statements":{"total":73,"covered":0,"skipped":0,"pct":0},"branches":{"total":53,"covered":0,"skipped":0,"pct":0}}
,"/home/marouane/Downloads/ chafi3-marouane-kermaoui/greenmarket/src/components/checkout/CheckoutAddressStep.jsx": {"lines":{"total":14,"covered":0,"skipped":0,"pct":0},"functions":{"total":8,"covered":0,"skipped":0,"pct":0},"statements":{"total":14,"covered":0,"skipped":0,"pct":0},"branches":{"total":19,"covered":0,"skipped":0,"pct":0}}
,"/home/marouane/Downloads/ chafi3-marouane-kermaoui/greenmarket/src/components/checkout/OrderSummary.jsx": {"lines":{"total":7,"covered":0,"skipped":0,"pct":0},"functions":{"total":4,"covered":0,"skipped":0,"pct":0},"statements":{"total":7,"covered":0,"skipped":0,"pct":0},"branches":{"total":49,"covered":0,"skipped":0,"pct":0}}
,"/home/marouane/Downloads/ chafi3-marouane-kermaoui/greenmarket/src/components/checkout/PaymentTypeSelector.jsx": {"lines":{"total":32,"covered":0,"skipped":0,"pct":0},"functions":{"total":11,"covered":0,"skipped":0,"pct":0},"statements":{"total":32,"covered":0,"skipped":0,"pct":0},"branches":{"total":80,"covered":0,"skipped":0,"pct":0}}
,"/home/marouane/Downloads/ chafi3-marouane-kermaoui/greenmarket/src/components/driver/DeliveryComplete.jsx": {"lines":{"total":146,"covered":0,"skipped":0,"pct":0},"functions":{"total":25,"covered":0,"skipped":0,"pct":0},"statements":{"total":156,"covered":0,"skipped":0,"pct":0},"branches":{"total":54,"covered":0,"skipped":0,"pct":0}}
,"/home/marouane/Downloads/ chafi3-marouane-kermaoui/greenmarket/src/components/driver/DeliveryPaymentPolicy.jsx": {"lines":{"total":5,"covered":0,"skipped":0,"pct":0},"functions":{"total":4,"covered":0,"skipped":0,"pct":0},"statements":{"total":5,"covered":0,"skipped":0,"pct":0},"branches":{"total":3,"covered":0,"skipped":0,"pct":0}}
,"/home/marouane/Downloads/ chafi3-marouane-kermaoui/greenmarket/src/components/driver/DeliveryPreferences.jsx": {"lines":{"total":7,"covered":0,"skipped":0,"pct":0},"functions":{"total":5,"covered":0,"skipped":0,"pct":0},"statements":{"total":7,"covered":0,"skipped":0,"pct":0},"branches":{"total":5,"covered":0,"skipped":0,"pct":0}}
,"/home/marouane/Downloads/ chafi3-marouane-kermaoui/greenmarket/src/components/driver/DriverVerification.jsx": {"lines":{"total":74,"covered":0,"skipped":0,"pct":0},"functions":{"total":15,"covered":0,"skipped":0,"pct":0},"statements":{"total":82,"covered":0,"skipped":0,"pct":0},"branches":{"total":92,"covered":0,"skipped":0,"pct":0}}
,"/home/marouane/Downloads/ chafi3-marouane-kermaoui/greenmarket/src/components/invoices/OrderInvoiceDocument.jsx": {"lines":{"total":18,"covered":0,"skipped":0,"pct":0},"functions":{"total":5,"covered":0,"skipped":0,"pct":0},"statements":{"total":20,"covered":0,"skipped":0,"pct":0},"branches":{"total":71,"covered":0,"skipped":0,"pct":0}}
,"/home/marouane/Downloads/ chafi3-marouane-kermaoui/greenmarket/src/components/maps/LiveDriverMap.jsx": {"lines":{"total":63,"covered":0,"skipped":0,"pct":0},"functions":{"total":12,"covered":0,"skipped":0,"pct":0},"statements":{"total":71,"covered":0,"skipped":0,"pct":0},"branches":{"total":87,"covered":0,"skipped":0,"pct":0}}
,"/home/marouane/Downloads/ chafi3-marouane-kermaoui/greenmarket/src/components/notifications/NotificationLink.jsx": {"lines":{"total":83,"covered":0,"skipped":0,"pct":0},"functions":{"total":12,"covered":0,"skipped":0,"pct":0},"statements":{"total":87,"covered":0,"skipped":0,"pct":0},"branches":{"total":51,"covered":0,"skipped":0,"pct":0}}
,"/home/marouane/Downloads/ chafi3-marouane-kermaoui/greenmarket/src/components/onboarding/OnboardingFlow.jsx": {"lines":{"total":61,"covered":0,"skipped":0,"pct":0},"functions":{"total":13,"covered":0,"skipped":0,"pct":0},"statements":{"total":63,"covered":0,"skipped":0,"pct":0},"branches":{"total":46,"covered":0,"skipped":0,"pct":0}}
,"/home/marouane/Downloads/ chafi3-marouane-kermaoui/greenmarket/src/components/orders/AdvancedFiltersPanel.jsx": {"lines":{"total":19,"covered":0,"skipped":0,"pct":0},"functions":{"total":11,"covered":0,"skipped":0,"pct":0},"statements":{"total":24,"covered":0,"skipped":0,"pct":0},"branches":{"total":39,"covered":0,"skipped":0,"pct":0}}
,"/home/marouane/Downloads/ chafi3-marouane-kermaoui/greenmarket/src/components/orders/BuyerOrderCard.jsx": {"lines":{"total":63,"covered":0,"skipped":0,"pct":0},"functions":{"total":20,"covered":0,"skipped":0,"pct":0},"statements":{"total":77,"covered":0,"skipped":0,"pct":0},"branches":{"total":75,"covered":0,"skipped":0,"pct":0}}
,"/home/marouane/Downloads/ chafi3-marouane-kermaoui/greenmarket/src/components/orders/OrderItemsList.jsx": {"lines":{"total":10,"covered":0,"skipped":0,"pct":0},"functions":{"total":5,"covered":0,"skipped":0,"pct":0},"statements":{"total":10,"covered":0,"skipped":0,"pct":0},"branches":{"total":33,"covered":0,"skipped":0,"pct":0}}
,"/home/marouane/Downloads/ chafi3-marouane-kermaoui/greenmarket/src/components/orders/OrderStatusTimeline.jsx": {"lines":{"total":11,"covered":0,"skipped":0,"pct":0},"functions":{"total":4,"covered":0,"skipped":0,"pct":0},"statements":{"total":12,"covered":0,"skipped":0,"pct":0},"branches":{"total":61,"covered":0,"skipped":0,"pct":0}}
,"/home/marouane/Downloads/ chafi3-marouane-kermaoui/greenmarket/src/components/orders/OrderTimeline.jsx": {"lines":{"total":6,"covered":0,"skipped":0,"pct":0},"functions":{"total":1,"covered":0,"skipped":0,"pct":0},"statements":{"total":6,"covered":0,"skipped":0,"pct":0},"branches":{"total":6,"covered":0,"skipped":0,"pct":0}}
,"/home/marouane/Downloads/ chafi3-marouane-kermaoui/greenmarket/src/components/orders/PaymentReceiptUpload.jsx": {"lines":{"total":84,"covered":0,"skipped":0,"pct":0},"functions":{"total":6,"covered":0,"skipped":0,"pct":0},"statements":{"total":88,"covered":0,"skipped":0,"pct":0},"branches":{"total":87,"covered":0,"skipped":0,"pct":0}}
,"/home/marouane/Downloads/ chafi3-marouane-kermaoui/greenmarket/src/components/orders/ReviewModal.jsx": {"lines":{"total":21,"covered":0,"skipped":0,"pct":0},"functions":{"total":7,"covered":0,"skipped":0,"pct":0},"statements":{"total":22,"covered":0,"skipped":0,"pct":0},"branches":{"total":14,"covered":0,"skipped":0,"pct":0}}
,"/home/marouane/Downloads/ chafi3-marouane-kermaoui/greenmarket/src/components/shared/FraudReportButton.jsx": {"lines":{"total":76,"covered":0,"skipped":0,"pct":0},"functions":{"total":25,"covered":0,"skipped":0,"pct":0},"statements":{"total":85,"covered":0,"skipped":0,"pct":0},"branches":{"total":70,"covered":0,"skipped":0,"pct":0}}
,"/home/marouane/Downloads/ chafi3-marouane-kermaoui/greenmarket/src/components/shared/LegalCamera.jsx": {"lines":{"total":60,"covered":0,"skipped":0,"pct":0},"functions":{"total":9,"covered":0,"skipped":0,"pct":0},"statements":{"total":63,"covered":0,"skipped":0,"pct":0},"branches":{"total":40,"covered":0,"skipped":0,"pct":0}}
,"/home/marouane/Downloads/ chafi3-marouane-kermaoui/greenmarket/src/components/shared/PartnershipRequests.jsx": {"lines":{"total":60,"covered":0,"skipped":0,"pct":0},"functions":{"total":19,"covered":0,"skipped":0,"pct":0},"statements":{"total":70,"covered":0,"skipped":0,"pct":0},"branches":{"total":82,"covered":0,"skipped":0,"pct":0}}
,"/home/marouane/Downloads/ chafi3-marouane-kermaoui/greenmarket/src/components/ui/Alert.jsx": {"lines":{"total":2,"covered":0,"skipped":0,"pct":0},"functions":{"total":1,"covered":0,"skipped":0,"pct":0},"statements":{"total":2,"covered":0,"skipped":0,"pct":0},"branches":{"total":5,"covered":0,"skipped":0,"pct":0}}
,"/home/marouane/Downloads/ chafi3-marouane-kermaoui/greenmarket/src/components/ui/Badge.jsx": {"lines":{"total":3,"covered":3,"skipped":0,"pct":100},"functions":{"total":1,"covered":1,"skipped":0,"pct":100},"statements":{"total":3,"covered":3,"skipped":0,"pct":100},"branches":{"total":1,"covered":1,"skipped":0,"pct":100}}
,"/home/marouane/Downloads/ chafi3-marouane-kermaoui/greenmarket/src/components/ui/Button.jsx": {"lines":{"total":7,"covered":7,"skipped":0,"pct":100},"functions":{"total":2,"covered":2,"skipped":0,"pct":100},"statements":{"total":8,"covered":8,"skipped":0,"pct":100},"branches":{"total":17,"covered":15,"skipped":0,"pct":88.23}}
,"/home/marouane/Downloads/ chafi3-marouane-kermaoui/greenmarket/src/components/ui/CINInput.jsx": {"lines":{"total":19,"covered":0,"skipped":0,"pct":0},"functions":{"total":3,"covered":0,"skipped":0,"pct":0},"statements":{"total":19,"covered":0,"skipped":0,"pct":0},"branches":{"total":55,"covered":0,"skipped":0,"pct":0}}
,"/home/marouane/Downloads/ chafi3-marouane-kermaoui/greenmarket/src/components/ui/Card.jsx": {"lines":{"total":3,"covered":2,"skipped":0,"pct":66.66},"functions":{"total":2,"covered":1,"skipped":0,"pct":50},"statements":{"total":4,"covered":2,"skipped":0,"pct":50},"branches":{"total":15,"covered":10,"skipped":0,"pct":66.66}}
,"/home/marouane/Downloads/ chafi3-marouane-kermaoui/greenmarket/src/components/ui/ChartSkeleton.jsx": {"lines":{"total":2,"covered":0,"skipped":0,"pct":0},"functions":{"total":1,"covered":0,"skipped":0,"pct":0},"statements":{"total":2,"covered":0,"skipped":0,"pct":0},"branches":{"total":3,"covered":0,"skipped":0,"pct":0}}
,"/home/marouane/Downloads/ chafi3-marouane-kermaoui/greenmarket/src/components/ui/ChatComponent.jsx": {"lines":{"total":56,"covered":0,"skipped":0,"pct":0},"functions":{"total":16,"covered":0,"skipped":0,"pct":0},"statements":{"total":61,"covered":0,"skipped":0,"pct":0},"branches":{"total":37,"covered":0,"skipped":0,"pct":0}}
,"/home/marouane/Downloads/ chafi3-marouane-kermaoui/greenmarket/src/components/ui/CityAutocomplete.jsx": {"lines":{"total":76,"covered":0,"skipped":0,"pct":0},"functions":{"total":18,"covered":0,"skipped":0,"pct":0},"statements":{"total":79,"covered":0,"skipped":0,"pct":0},"branches":{"total":53,"covered":0,"skipped":0,"pct":0}}
,"/home/marouane/Downloads/ chafi3-marouane-kermaoui/greenmarket/src/components/ui/DarkModeToggle.jsx": {"lines":{"total":12,"covered":0,"skipped":0,"pct":0},"functions":{"total":5,"covered":0,"skipped":0,"pct":0},"statements":{"total":13,"covered":0,"skipped":0,"pct":0},"branches":{"total":8,"covered":0,"skipped":0,"pct":0}}
,"/home/marouane/Downloads/ chafi3-marouane-kermaoui/greenmarket/src/components/ui/DeliveryRequestCard.jsx": {"lines":{"total":23,"covered":0,"skipped":0,"pct":0},"functions":{"total":4,"covered":0,"skipped":0,"pct":0},"statements":{"total":25,"covered":0,"skipped":0,"pct":0},"branches":{"total":40,"covered":0,"skipped":0,"pct":0}}
,"/home/marouane/Downloads/ chafi3-marouane-kermaoui/greenmarket/src/components/ui/DriverAvailabilityToggle.jsx": {"lines":{"total":17,"covered":0,"skipped":0,"pct":0},"functions":{"total":2,"covered":0,"skipped":0,"pct":0},"statements":{"total":18,"covered":0,"skipped":0,"pct":0},"branches":{"total":30,"covered":0,"skipped":0,"pct":0}}
,"/home/marouane/Downloads/ chafi3-marouane-kermaoui/greenmarket/src/components/ui/DriverSelection.jsx": {"lines":{"total":8,"covered":0,"skipped":0,"pct":0},"functions":{"total":5,"covered":0,"skipped":0,"pct":0},"statements":{"total":8,"covered":0,"skipped":0,"pct":0},"branches":{"total":19,"covered":0,"skipped":0,"pct":0}}
,"/home/marouane/Downloads/ chafi3-marouane-kermaoui/greenmarket/src/components/ui/GeographicDeliveryNotification.jsx": {"lines":{"total":65,"covered":0,"skipped":0,"pct":0},"functions":{"total":9,"covered":0,"skipped":0,"pct":0},"statements":{"total":67,"covered":0,"skipped":0,"pct":0},"branches":{"total":49,"covered":0,"skipped":0,"pct":0}}
,"/home/marouane/Downloads/ chafi3-marouane-kermaoui/greenmarket/src/components/ui/Input.jsx": {"lines":{"total":4,"covered":4,"skipped":0,"pct":100},"functions":{"total":2,"covered":2,"skipped":0,"pct":100},"statements":{"total":5,"covered":5,"skipped":0,"pct":100},"branches":{"total":18,"covered":12,"skipped":0,"pct":66.66}}
,"/home/marouane/Downloads/ chafi3-marouane-kermaoui/greenmarket/src/components/ui/LoadingSpinner.jsx": {"lines":{"total":2,"covered":2,"skipped":0,"pct":100},"functions":{"total":1,"covered":1,"skipped":0,"pct":100},"statements":{"total":2,"covered":2,"skipped":0,"pct":100},"branches":{"total":0,"covered":0,"skipped":0,"pct":100}}
,"/home/marouane/Downloads/ chafi3-marouane-kermaoui/greenmarket/src/components/ui/LocationPicker.jsx": {"lines":{"total":99,"covered":0,"skipped":0,"pct":0},"functions":{"total":17,"covered":0,"skipped":0,"pct":0},"statements":{"total":104,"covered":0,"skipped":0,"pct":0},"branches":{"total":70,"covered":0,"skipped":0,"pct":0}}
,"/home/marouane/Downloads/ chafi3-marouane-kermaoui/greenmarket/src/components/ui/Map.jsx": {"lines":{"total":137,"covered":0,"skipped":0,"pct":0},"functions":{"total":24,"covered":0,"skipped":0,"pct":0},"statements":{"total":141,"covered":0,"skipped":0,"pct":0},"branches":{"total":91,"covered":0,"skipped":0,"pct":0}}
,"/home/marouane/Downloads/ chafi3-marouane-kermaoui/greenmarket/src/components/ui/Modal.jsx": {"lines":{"total":3,"covered":3,"skipped":0,"pct":100},"functions":{"total":1,"covered":1,"skipped":0,"pct":100},"statements":{"total":3,"covered":3,"skipped":0,"pct":100},"branches":{"total":3,"covered":3,"skipped":0,"pct":100}}
,"/home/marouane/Downloads/ chafi3-marouane-kermaoui/greenmarket/src/components/ui/MoroccoNotice.jsx": {"lines":{"total":6,"covered":0,"skipped":0,"pct":0},"functions":{"total":1,"covered":0,"skipped":0,"pct":0},"statements":{"total":6,"covered":0,"skipped":0,"pct":0},"branches":{"total":5,"covered":0,"skipped":0,"pct":0}}
,"/home/marouane/Downloads/ chafi3-marouane-kermaoui/greenmarket/src/components/ui/NoDriverAvailable.jsx": {"lines":{"total":19,"covered":0,"skipped":0,"pct":0},"functions":{"total":3,"covered":0,"skipped":0,"pct":0},"statements":{"total":21,"covered":0,"skipped":0,"pct":0},"branches":{"total":8,"covered":0,"skipped":0,"pct":0}}
,"/home/marouane/Downloads/ chafi3-marouane-kermaoui/greenmarket/src/components/ui/OptimizedImage.jsx": {"lines":{"total":90,"covered":0,"skipped":0,"pct":0},"functions":{"total":28,"covered":0,"skipped":0,"pct":0},"statements":{"total":99,"covered":0,"skipped":0,"pct":0},"branches":{"total":79,"covered":0,"skipped":0,"pct":0}}
,"/home/marouane/Downloads/ chafi3-marouane-kermaoui/greenmarket/src/components/ui/OrderTimeline.jsx": {"lines":{"total":35,"covered":0,"skipped":0,"pct":0},"functions":{"total":10,"covered":0,"skipped":0,"pct":0},"statements":{"total":36,"covered":0,"skipped":0,"pct":0},"branches":{"total":24,"covered":0,"skipped":0,"pct":0}}
,"/home/marouane/Downloads/ chafi3-marouane-kermaoui/greenmarket/src/components/ui/ProductCard.jsx": {"lines":{"total":35,"covered":0,"skipped":0,"pct":0},"functions":{"total":10,"covered":0,"skipped":0,"pct":0},"statements":{"total":36,"covered":0,"skipped":0,"pct":0},"branches":{"total":47,"covered":0,"skipped":0,"pct":0}}
,"/home/marouane/Downloads/ chafi3-marouane-kermaoui/greenmarket/src/components/ui/Recaptcha.jsx": {"lines":{"total":9,"covered":6,"skipped":0,"pct":66.66},"functions":{"total":3,"covered":2,"skipped":0,"pct":66.66},"statements":{"total":9,"covered":6,"skipped":0,"pct":66.66},"branches":{"total":7,"covered":2,"skipped":0,"pct":28.57}}
,"/home/marouane/Downloads/ chafi3-marouane-kermaoui/greenmarket/src/components/ui/Receipt.jsx": {"lines":{"total":55,"covered":0,"skipped":0,"pct":0},"functions":{"total":12,"covered":0,"skipped":0,"pct":0},"statements":{"total":57,"covered":0,"skipped":0,"pct":0},"branches":{"total":103,"covered":0,"skipped":0,"pct":0}}
,"/home/marouane/Downloads/ chafi3-marouane-kermaoui/greenmarket/src/components/ui/RouteMap.jsx": {"lines":{"total":34,"covered":0,"skipped":0,"pct":0},"functions":{"total":8,"covered":0,"skipped":0,"pct":0},"statements":{"total":38,"covered":0,"skipped":0,"pct":0},"branches":{"total":48,"covered":0,"skipped":0,"pct":0}}
,"/home/marouane/Downloads/ chafi3-marouane-kermaoui/greenmarket/src/components/ui/Select.jsx": {"lines":{"total":7,"covered":0,"skipped":0,"pct":0},"functions":{"total":2,"covered":0,"skipped":0,"pct":0},"statements":{"total":7,"covered":0,"skipped":0,"pct":0},"branches":{"total":13,"covered":0,"skipped":0,"pct":0}}
,"/home/marouane/Downloads/ chafi3-marouane-kermaoui/greenmarket/src/components/ui/SimpleRating.jsx": {"lines":{"total":11,"covered":0,"skipped":0,"pct":0},"functions":{"total":1,"covered":0,"skipped":0,"pct":0},"statements":{"total":12,"covered":0,"skipped":0,"pct":0},"branches":{"total":9,"covered":0,"skipped":0,"pct":0}}
,"/home/marouane/Downloads/ chafi3-marouane-kermaoui/greenmarket/src/components/ui/SkeletonLoaders.jsx": {"lines":{"total":48,"covered":0,"skipped":0,"pct":0},"functions":{"total":30,"covered":0,"skipped":0,"pct":0},"statements":{"total":48,"covered":0,"skipped":0,"pct":0},"branches":{"total":17,"covered":0,"skipped":0,"pct":0}}
,"/home/marouane/Downloads/ chafi3-marouane-kermaoui/greenmarket/src/components/ui/StarRating.jsx": {"lines":{"total":7,"covered":6,"skipped":0,"pct":85.71},"functions":{"total":3,"covered":2,"skipped":0,"pct":66.66},"statements":{"total":7,"covered":6,"skipped":0,"pct":85.71},"branches":{"total":11,"covered":9,"skipped":0,"pct":81.81}}
,"/home/marouane/Downloads/ chafi3-marouane-kermaoui/greenmarket/src/components/ui/TextArea.jsx": {"lines":{"total":2,"covered":0,"skipped":0,"pct":0},"functions":{"total":1,"covered":0,"skipped":0,"pct":0},"statements":{"total":2,"covered":0,"skipped":0,"pct":0},"branches":{"total":9,"covered":0,"skipped":0,"pct":0}}
,"/home/marouane/Downloads/ chafi3-marouane-kermaoui/greenmarket/src/components/ui/Toggle.jsx": {"lines":{"total":4,"covered":0,"skipped":0,"pct":0},"functions":{"total":2,"covered":0,"skipped":0,"pct":0},"statements":{"total":4,"covered":0,"skipped":0,"pct":0},"branches":{"total":9,"covered":0,"skipped":0,"pct":0}}
,"/home/marouane/Downloads/ chafi3-marouane-kermaoui/greenmarket/src/components/ui/TrustBadges.jsx": {"lines":{"total":7,"covered":0,"skipped":0,"pct":0},"functions":{"total":3,"covered":0,"skipped":0,"pct":0},"statements":{"total":7,"covered":0,"skipped":0,"pct":0},"branches":{"total":3,"covered":0,"skipped":0,"pct":0}}
,"/home/marouane/Downloads/ chafi3-marouane-kermaoui/greenmarket/src/components/ui/VehiclePhotoUpload.jsx": {"lines":{"total":39,"covered":0,"skipped":0,"pct":0},"functions":{"total":5,"covered":0,"skipped":0,"pct":0},"statements":{"total":41,"covered":0,"skipped":0,"pct":0},"branches":{"total":30,"covered":0,"skipped":0,"pct":0}}
,"/home/marouane/Downloads/ chafi3-marouane-kermaoui/greenmarket/src/components/ui/VendorAlerts.jsx": {"lines":{"total":52,"covered":0,"skipped":0,"pct":0},"functions":{"total":14,"covered":0,"skipped":0,"pct":0},"statements":{"total":56,"covered":0,"skipped":0,"pct":0},"branches":{"total":32,"covered":0,"skipped":0,"pct":0}}
,"/home/marouane/Downloads/ chafi3-marouane-kermaoui/greenmarket/src/components/ui/VendorGuidelines.jsx": {"lines":{"total":16,"covered":0,"skipped":0,"pct":0},"functions":{"total":9,"covered":0,"skipped":0,"pct":0},"statements":{"total":16,"covered":0,"skipped":0,"pct":0},"branches":{"total":13,"covered":0,"skipped":0,"pct":0}}
,"/home/marouane/Downloads/ chafi3-marouane-kermaoui/greenmarket/src/components/ui/VendorWaitResponse.jsx": {"lines":{"total":37,"covered":0,"skipped":0,"pct":0},"functions":{"total":14,"covered":0,"skipped":0,"pct":0},"statements":{"total":40,"covered":0,"skipped":0,"pct":0},"branches":{"total":46,"covered":0,"skipped":0,"pct":0}}
,"/home/marouane/Downloads/ chafi3-marouane-kermaoui/greenmarket/src/components/ui/index.js": {"lines":{"total":0,"covered":0,"skipped":0,"pct":100},"functions":{"total":0,"covered":0,"skipped":0,"pct":100},"statements":{"total":0,"covered":0,"skipped":0,"pct":100},"branches":{"total":0,"covered":0,"skipped":0,"pct":100}}
,"/home/marouane/Downloads/ chafi3-marouane-kermaoui/greenmarket/src/components/vendor/CancellationPolicy.jsx": {"lines":{"total":24,"covered":0,"skipped":0,"pct":0},"functions":{"total":15,"covered":0,"skipped":0,"pct":0},"statements":{"total":26,"covered":0,"skipped":0,"pct":0},"branches":{"total":37,"covered":0,"skipped":0,"pct":0}}
,"/home/marouane/Downloads/ chafi3-marouane-kermaoui/greenmarket/src/components/vendor/CommissionDashboard.jsx": {"lines":{"total":99,"covered":0,"skipped":0,"pct":0},"functions":{"total":27,"covered":0,"skipped":0,"pct":0},"statements":{"total":112,"covered":0,"skipped":0,"pct":0},"branches":{"total":124,"covered":0,"skipped":0,"pct":0}}
,"/home/marouane/Downloads/ chafi3-marouane-kermaoui/greenmarket/src/components/vendor/InventoryManager.jsx": {"lines":{"total":60,"covered":0,"skipped":0,"pct":0},"functions":{"total":20,"covered":0,"skipped":0,"pct":0},"statements":{"total":66,"covered":0,"skipped":0,"pct":0},"branches":{"total":54,"covered":0,"skipped":0,"pct":0}}
,"/home/marouane/Downloads/ chafi3-marouane-kermaoui/greenmarket/src/components/vendor/PaymentPolicySettings.jsx": {"lines":{"total":21,"covered":0,"skipped":0,"pct":0},"functions":{"total":8,"covered":0,"skipped":0,"pct":0},"statements":{"total":22,"covered":0,"skipped":0,"pct":0},"branches":{"total":22,"covered":0,"skipped":0,"pct":0}}
,"/home/marouane/Downloads/ chafi3-marouane-kermaoui/greenmarket/src/components/vendor/ProductForm.jsx": {"lines":{"total":53,"covered":0,"skipped":0,"pct":0},"functions":{"total":17,"covered":0,"skipped":0,"pct":0},"statements":{"total":59,"covered":0,"skipped":0,"pct":0},"branches":{"total":39,"covered":0,"skipped":0,"pct":0}}
,"/home/marouane/Downloads/ chafi3-marouane-kermaoui/greenmarket/src/components/vendor/RefundPolicySettings.jsx": {"lines":{"total":13,"covered":0,"skipped":0,"pct":0},"functions":{"total":9,"covered":0,"skipped":0,"pct":0},"statements":{"total":13,"covered":0,"skipped":0,"pct":0},"branches":{"total":7,"covered":0,"skipped":0,"pct":0}}
,"/home/marouane/Downloads/ chafi3-marouane-kermaoui/greenmarket/src/components/vendor/StoreEvolutionNotification.jsx": {"lines":{"total":42,"covered":0,"skipped":0,"pct":0},"functions":{"total":8,"covered":0,"skipped":0,"pct":0},"statements":{"total":45,"covered":0,"skipped":0,"pct":0},"branches":{"total":31,"covered":0,"skipped":0,"pct":0}}
,"/home/marouane/Downloads/ chafi3-marouane-kermaoui/greenmarket/src/config/appConfig.js": {"lines":{"total":9,"covered":0,"skipped":0,"pct":0},"functions":{"total":2,"covered":0,"skipped":0,"pct":0},"statements":{"total":11,"covered":0,"skipped":0,"pct":0},"branches":{"total":21,"covered":0,"skipped":0,"pct":0}}
,"/home/marouane/Downloads/ chafi3-marouane-kermaoui/greenmarket/src/config/driver.config.js": {"lines":{"total":8,"covered":0,"skipped":0,"pct":0},"functions":{"total":0,"covered":0,"skipped":0,"pct":100},"statements":{"total":8,"covered":0,"skipped":0,"pct":0},"branches":{"total":6,"covered":0,"skipped":0,"pct":0}}
,"/home/marouane/Downloads/ chafi3-marouane-kermaoui/greenmarket/src/constants/apiEndpoints.js": {"lines":{"total":47,"covered":8,"skipped":0,"pct":17.02},"functions":{"total":39,"covered":0,"skipped":0,"pct":0},"statements":{"total":47,"covered":8,"skipped":0,"pct":17.02},"branches":{"total":0,"covered":0,"skipped":0,"pct":100}}
,"/home/marouane/Downloads/ chafi3-marouane-kermaoui/greenmarket/src/constants/banks.js": {"lines":{"total":5,"covered":0,"skipped":0,"pct":0},"functions":{"total":4,"covered":0,"skipped":0,"pct":0},"statements":{"total":7,"covered":0,"skipped":0,"pct":0},"branches":{"total":4,"covered":0,"skipped":0,"pct":0}}
,"/home/marouane/Downloads/ chafi3-marouane-kermaoui/greenmarket/src/constants/categories.js": {"lines":{"total":14,"covered":0,"skipped":0,"pct":0},"functions":{"total":6,"covered":0,"skipped":0,"pct":0},"statements":{"total":19,"covered":0,"skipped":0,"pct":0},"branches":{"total":13,"covered":0,"skipped":0,"pct":0}}
,"/home/marouane/Downloads/ chafi3-marouane-kermaoui/greenmarket/src/constants/orderStatuses.js": {"lines":{"total":17,"covered":0,"skipped":0,"pct":0},"functions":{"total":2,"covered":0,"skipped":0,"pct":0},"statements":{"total":19,"covered":0,"skipped":0,"pct":0},"branches":{"total":9,"covered":0,"skipped":0,"pct":0}}
,"/home/marouane/Downloads/ chafi3-marouane-kermaoui/greenmarket/src/constants/payment.js": {"lines":{"total":15,"covered":10,"skipped":0,"pct":66.66},"functions":{"total":7,"covered":0,"skipped":0,"pct":0},"statements":{"total":17,"covered":10,"skipped":0,"pct":58.82},"branches":{"total":6,"covered":0,"skipped":0,"pct":0}}
,"/home/marouane/Downloads/ chafi3-marouane-kermaoui/greenmarket/src/constants/roles.js": {"lines":{"total":4,"covered":0,"skipped":0,"pct":0},"functions":{"total":0,"covered":0,"skipped":0,"pct":100},"statements":{"total":4,"covered":0,"skipped":0,"pct":0},"branches":{"total":0,"covered":0,"skipped":0,"pct":100}}
,"/home/marouane/Downloads/ chafi3-marouane-kermaoui/greenmarket/src/constants/seasonalCalendar.js": {"lines":{"total":13,"covered":0,"skipped":0,"pct":0},"functions":{"total":8,"covered":0,"skipped":0,"pct":0},"statements":{"total":16,"covered":0,"skipped":0,"pct":0},"branches":{"total":12,"covered":0,"skipped":0,"pct":0}}
,"/home/marouane/Downloads/ chafi3-marouane-kermaoui/greenmarket/src/constants/time.js": {"lines":{"total":29,"covered":0,"skipped":0,"pct":0},"functions":{"total":0,"covered":0,"skipped":0,"pct":100},"statements":{"total":29,"covered":0,"skipped":0,"pct":0},"branches":{"total":0,"covered":0,"skipped":0,"pct":100}}
,"/home/marouane/Downloads/ chafi3-marouane-kermaoui/greenmarket/src/data/faqData.js": {"lines":{"total":3,"covered":0,"skipped":0,"pct":0},"functions":{"total":2,"covered":0,"skipped":0,"pct":0},"statements":{"total":5,"covered":0,"skipped":0,"pct":0},"branches":{"total":3,"covered":0,"skipped":0,"pct":0}}
,"/home/marouane/Downloads/ chafi3-marouane-kermaoui/greenmarket/src/domains/catalog/commands.js": {"lines":{"total":3,"covered":0,"skipped":0,"pct":0},"functions":{"total":3,"covered":0,"skipped":0,"pct":0},"statements":{"total":6,"covered":0,"skipped":0,"pct":0},"branches":{"total":0,"covered":0,"skipped":0,"pct":100}}
,"/home/marouane/Downloads/ chafi3-marouane-kermaoui/greenmarket/src/domains/catalog/index.js": {"lines":{"total":0,"covered":0,"skipped":0,"pct":100},"functions":{"total":0,"covered":0,"skipped":0,"pct":100},"statements":{"total":0,"covered":0,"skipped":0,"pct":100},"branches":{"total":0,"covered":0,"skipped":0,"pct":100}}
,"/home/marouane/Downloads/ chafi3-marouane-kermaoui/greenmarket/src/domains/catalog/queries.js": {"lines":{"total":2,"covered":0,"skipped":0,"pct":0},"functions":{"total":2,"covered":0,"skipped":0,"pct":0},"statements":{"total":4,"covered":0,"skipped":0,"pct":0},"branches":{"total":0,"covered":0,"skipped":0,"pct":100}}
,"/home/marouane/Downloads/ chafi3-marouane-kermaoui/greenmarket/src/domains/delivery/commands.js": {"lines":{"total":5,"covered":0,"skipped":0,"pct":0},"functions":{"total":5,"covered":0,"skipped":0,"pct":0},"statements":{"total":10,"covered":0,"skipped":0,"pct":0},"branches":{"total":0,"covered":0,"skipped":0,"pct":100}}
,"/home/marouane/Downloads/ chafi3-marouane-kermaoui/greenmarket/src/domains/delivery/index.js": {"lines":{"total":0,"covered":0,"skipped":0,"pct":100},"functions":{"total":0,"covered":0,"skipped":0,"pct":100},"statements":{"total":0,"covered":0,"skipped":0,"pct":100},"branches":{"total":0,"covered":0,"skipped":0,"pct":100}}
,"/home/marouane/Downloads/ chafi3-marouane-kermaoui/greenmarket/src/domains/delivery/queries.js": {"lines":{"total":2,"covered":0,"skipped":0,"pct":0},"functions":{"total":2,"covered":0,"skipped":0,"pct":0},"statements":{"total":4,"covered":0,"skipped":0,"pct":0},"branches":{"total":0,"covered":0,"skipped":0,"pct":100}}
,"/home/marouane/Downloads/ chafi3-marouane-kermaoui/greenmarket/src/domains/identity/commands.js": {"lines":{"total":2,"covered":0,"skipped":0,"pct":0},"functions":{"total":2,"covered":0,"skipped":0,"pct":0},"statements":{"total":4,"covered":0,"skipped":0,"pct":0},"branches":{"total":0,"covered":0,"skipped":0,"pct":100}}
,"/home/marouane/Downloads/ chafi3-marouane-kermaoui/greenmarket/src/domains/identity/index.js": {"lines":{"total":0,"covered":0,"skipped":0,"pct":100},"functions":{"total":0,"covered":0,"skipped":0,"pct":100},"statements":{"total":0,"covered":0,"skipped":0,"pct":100},"branches":{"total":0,"covered":0,"skipped":0,"pct":100}}
,"/home/marouane/Downloads/ chafi3-marouane-kermaoui/greenmarket/src/domains/identity/queries.js": {"lines":{"total":1,"covered":0,"skipped":0,"pct":0},"functions":{"total":1,"covered":0,"skipped":0,"pct":0},"statements":{"total":2,"covered":0,"skipped":0,"pct":0},"branches":{"total":0,"covered":0,"skipped":0,"pct":100}}
,"/home/marouane/Downloads/ chafi3-marouane-kermaoui/greenmarket/src/domains/ordering/commands.js": {"lines":{"total":3,"covered":0,"skipped":0,"pct":0},"functions":{"total":3,"covered":0,"skipped":0,"pct":0},"statements":{"total":6,"covered":0,"skipped":0,"pct":0},"branches":{"total":0,"covered":0,"skipped":0,"pct":100}}
,"/home/marouane/Downloads/ chafi3-marouane-kermaoui/greenmarket/src/domains/ordering/index.js": {"lines":{"total":0,"covered":0,"skipped":0,"pct":100},"functions":{"total":0,"covered":0,"skipped":0,"pct":100},"statements":{"total":0,"covered":0,"skipped":0,"pct":100},"branches":{"total":0,"covered":0,"skipped":0,"pct":100}}
,"/home/marouane/Downloads/ chafi3-marouane-kermaoui/greenmarket/src/domains/ordering/queries.js": {"lines":{"total":2,"covered":0,"skipped":0,"pct":0},"functions":{"total":2,"covered":0,"skipped":0,"pct":0},"statements":{"total":4,"covered":0,"skipped":0,"pct":0},"branches":{"total":0,"covered":0,"skipped":0,"pct":100}}
,"/home/marouane/Downloads/ chafi3-marouane-kermaoui/greenmarket/src/domains/payments/commands.js": {"lines":{"total":0,"covered":0,"skipped":0,"pct":100},"functions":{"total":0,"covered":0,"skipped":0,"pct":100},"statements":{"total":0,"covered":0,"skipped":0,"pct":100},"branches":{"total":0,"covered":0,"skipped":0,"pct":100}}
,"/home/marouane/Downloads/ chafi3-marouane-kermaoui/greenmarket/src/domains/payments/index.js": {"lines":{"total":0,"covered":0,"skipped":0,"pct":100},"functions":{"total":0,"covered":0,"skipped":0,"pct":100},"statements":{"total":0,"covered":0,"skipped":0,"pct":100},"branches":{"total":0,"covered":0,"skipped":0,"pct":100}}
,"/home/marouane/Downloads/ chafi3-marouane-kermaoui/greenmarket/src/domains/payments/queries.js": {"lines":{"total":0,"covered":0,"skipped":0,"pct":100},"functions":{"total":0,"covered":0,"skipped":0,"pct":100},"statements":{"total":0,"covered":0,"skipped":0,"pct":100},"branches":{"total":0,"covered":0,"skipped":0,"pct":100}}
,"/home/marouane/Downloads/ chafi3-marouane-kermaoui/greenmarket/src/features/auth/components/TwoFactor.jsx": {"lines":{"total":1,"covered":0,"skipped":0,"pct":0},"functions":{"total":1,"covered":0,"skipped":0,"pct":0},"statements":{"total":1,"covered":0,"skipped":0,"pct":0},"branches":{"total":0,"covered":0,"skipped":0,"pct":100}}
,"/home/marouane/Downloads/ chafi3-marouane-kermaoui/greenmarket/src/hooks/index.js": {"lines":{"total":221,"covered":0,"skipped":0,"pct":0},"functions":{"total":64,"covered":0,"skipped":0,"pct":0},"statements":{"total":239,"covered":0,"skipped":0,"pct":0},"branches":{"total":87,"covered":0,"skipped":0,"pct":0}}
,"/home/marouane/Downloads/ chafi3-marouane-kermaoui/greenmarket/src/hooks/useCheckoutPricing.js": {"lines":{"total":41,"covered":0,"skipped":0,"pct":0},"functions":{"total":7,"covered":0,"skipped":0,"pct":0},"statements":{"total":41,"covered":0,"skipped":0,"pct":0},"branches":{"total":15,"covered":0,"skipped":0,"pct":0}}
,"/home/marouane/Downloads/ chafi3-marouane-kermaoui/greenmarket/src/hooks/useDarkMode.js": {"lines":{"total":17,"covered":0,"skipped":0,"pct":0},"functions":{"total":7,"covered":0,"skipped":0,"pct":0},"statements":{"total":21,"covered":0,"skipped":0,"pct":0},"branches":{"total":2,"covered":0,"skipped":0,"pct":0}}
,"/home/marouane/Downloads/ chafi3-marouane-kermaoui/greenmarket/src/hooks/useFetch.js": {"lines":{"total":42,"covered":0,"skipped":0,"pct":0},"functions":{"total":8,"covered":0,"skipped":0,"pct":0},"statements":{"total":46,"covered":0,"skipped":0,"pct":0},"branches":{"total":26,"covered":0,"skipped":0,"pct":0}}
,"/home/marouane/Downloads/ chafi3-marouane-kermaoui/greenmarket/src/hooks/useOrderView.js": {"lines":{"total":4,"covered":0,"skipped":0,"pct":0},"functions":{"total":2,"covered":0,"skipped":0,"pct":0},"statements":{"total":5,"covered":0,"skipped":0,"pct":0},"branches":{"total":2,"covered":0,"skipped":0,"pct":0}}
,"/home/marouane/Downloads/ chafi3-marouane-kermaoui/greenmarket/src/hooks/useSecurity.js": {"lines":{"total":95,"covered":58,"skipped":0,"pct":61.05},"functions":{"total":13,"covered":8,"skipped":0,"pct":61.53},"statements":{"total":96,"covered":58,"skipped":0,"pct":60.41},"branches":{"total":38,"covered":14,"skipped":0,"pct":36.84}}
,"/home/marouane/Downloads/ chafi3-marouane-kermaoui/greenmarket/src/hooks/mutations/useChatMutations.js": {"lines":{"total":18,"covered":0,"skipped":0,"pct":0},"functions":{"total":11,"covered":0,"skipped":0,"pct":0},"statements":{"total":18,"covered":0,"skipped":0,"pct":0},"branches":{"total":0,"covered":0,"skipped":0,"pct":100}}
,"/home/marouane/Downloads/ chafi3-marouane-kermaoui/greenmarket/src/hooks/queries/index.js": {"lines":{"total":0,"covered":0,"skipped":0,"pct":100},"functions":{"total":0,"covered":0,"skipped":0,"pct":100},"statements":{"total":0,"covered":0,"skipped":0,"pct":100},"branches":{"total":0,"covered":0,"skipped":0,"pct":100}}
,"/home/marouane/Downloads/ chafi3-marouane-kermaoui/greenmarket/src/hooks/queries/useAuthQueries.js": {"lines":{"total":97,"covered":59,"skipped":0,"pct":60.82},"functions":{"total":43,"covered":26,"skipped":0,"pct":60.46},"statements":{"total":112,"covered":65,"skipped":0,"pct":58.03},"branches":{"total":33,"covered":6,"skipped":0,"pct":18.18}}
,"/home/marouane/Downloads/ chafi3-marouane-kermaoui/greenmarket/src/hooks/queries/useCartPaymentQueries.js": {"lines":{"total":94,"covered":0,"skipped":0,"pct":0},"functions":{"total":31,"covered":0,"skipped":0,"pct":0},"statements":{"total":113,"covered":0,"skipped":0,"pct":0},"branches":{"total":60,"covered":0,"skipped":0,"pct":0}}
,"/home/marouane/Downloads/ chafi3-marouane-kermaoui/greenmarket/src/hooks/queries/useChatQueries.js": {"lines":{"total":8,"covered":0,"skipped":0,"pct":0},"functions":{"total":6,"covered":0,"skipped":0,"pct":0},"statements":{"total":9,"covered":0,"skipped":0,"pct":0},"branches":{"total":7,"covered":0,"skipped":0,"pct":0}}
,"/home/marouane/Downloads/ chafi3-marouane-kermaoui/greenmarket/src/hooks/queries/useDriverQueries.js": {"lines":{"total":97,"covered":0,"skipped":0,"pct":0},"functions":{"total":33,"covered":0,"skipped":0,"pct":0},"statements":{"total":118,"covered":0,"skipped":0,"pct":0},"branches":{"total":60,"covered":0,"skipped":0,"pct":0}}
,"/home/marouane/Downloads/ chafi3-marouane-kermaoui/greenmarket/src/hooks/queries/useMarketplaceQueries.js": {"lines":{"total":125,"covered":0,"skipped":0,"pct":0},"functions":{"total":79,"covered":0,"skipped":0,"pct":0},"statements":{"total":126,"covered":0,"skipped":0,"pct":0},"branches":{"total":20,"covered":0,"skipped":0,"pct":0}}
,"/home/marouane/Downloads/ chafi3-marouane-kermaoui/greenmarket/src/hooks/queries/useNotificationQueries.js": {"lines":{"total":85,"covered":0,"skipped":0,"pct":0},"functions":{"total":29,"covered":0,"skipped":0,"pct":0},"statements":{"total":99,"covered":0,"skipped":0,"pct":0},"branches":{"total":55,"covered":0,"skipped":0,"pct":0}}
,"/home/marouane/Downloads/ chafi3-marouane-kermaoui/greenmarket/src/hooks/queries/useVendorAdminQueries.js": {"lines":{"total":55,"covered":0,"skipped":0,"pct":0},"functions":{"total":35,"covered":0,"skipped":0,"pct":0},"statements":{"total":55,"covered":0,"skipped":0,"pct":0},"branches":{"total":9,"covered":0,"skipped":0,"pct":0}}
,"/home/marouane/Downloads/ chafi3-marouane-kermaoui/greenmarket/src/i18n/index.js": {"lines":{"total":5,"covered":2,"skipped":0,"pct":40},"functions":{"total":1,"covered":0,"skipped":0,"pct":0},"statements":{"total":5,"covered":2,"skipped":0,"pct":40},"branches":{"total":2,"covered":0,"skipped":0,"pct":0}}
,"/home/marouane/Downloads/ chafi3-marouane-kermaoui/greenmarket/src/layouts/AuthLayout.jsx": {"lines":{"total":5,"covered":0,"skipped":0,"pct":0},"functions":{"total":2,"covered":0,"skipped":0,"pct":0},"statements":{"total":5,"covered":0,"skipped":0,"pct":0},"branches":{"total":0,"covered":0,"skipped":0,"pct":100}}
,"/home/marouane/Downloads/ chafi3-marouane-kermaoui/greenmarket/src/layouts/DashboardLayout.jsx": {"lines":{"total":26,"covered":0,"skipped":0,"pct":0},"functions":{"total":10,"covered":0,"skipped":0,"pct":0},"statements":{"total":27,"covered":0,"skipped":0,"pct":0},"branches":{"total":42,"covered":0,"skipped":0,"pct":0}}
,"/home/marouane/Downloads/ chafi3-marouane-kermaoui/greenmarket/src/layouts/MainLayout.jsx": {"lines":{"total":51,"covered":0,"skipped":0,"pct":0},"functions":{"total":30,"covered":0,"skipped":0,"pct":0},"statements":{"total":52,"covered":0,"skipped":0,"pct":0},"branches":{"total":71,"covered":0,"skipped":0,"pct":0}}
,"/home/marouane/Downloads/ chafi3-marouane-kermaoui/greenmarket/src/middleware/auth.js": {"lines":{"total":24,"covered":0,"skipped":0,"pct":0},"functions":{"total":5,"covered":0,"skipped":0,"pct":0},"statements":{"total":25,"covered":0,"skipped":0,"pct":0},"branches":{"total":10,"covered":0,"skipped":0,"pct":0}}
,"/home/marouane/Downloads/ chafi3-marouane-kermaoui/greenmarket/src/middleware/authMiddleware.js": {"lines":{"total":60,"covered":0,"skipped":0,"pct":0},"functions":{"total":9,"covered":0,"skipped":0,"pct":0},"statements":{"total":60,"covered":0,"skipped":0,"pct":0},"branches":{"total":45,"covered":0,"skipped":0,"pct":0}}
,"/home/marouane/Downloads/ chafi3-marouane-kermaoui/greenmarket/src/orchestrators/AuthOrchestrator.jsx": {"lines":{"total":14,"covered":0,"skipped":0,"pct":0},"functions":{"total":7,"covered":0,"skipped":0,"pct":0},"statements":{"total":18,"covered":0,"skipped":0,"pct":0},"branches":{"total":4,"covered":0,"skipped":0,"pct":0}}
,"/home/marouane/Downloads/ chafi3-marouane-kermaoui/greenmarket/src/orchestrators/OnboardingOrchestrator.jsx": {"lines":{"total":52,"covered":0,"skipped":0,"pct":0},"functions":{"total":13,"covered":0,"skipped":0,"pct":0},"statements":{"total":60,"covered":0,"skipped":0,"pct":0},"branches":{"total":52,"covered":0,"skipped":0,"pct":0}}
,"/home/marouane/Downloads/ chafi3-marouane-kermaoui/greenmarket/src/pages/About.jsx": {"lines":{"total":67,"covered":0,"skipped":0,"pct":0},"functions":{"total":17,"covered":0,"skipped":0,"pct":0},"statements":{"total":71,"covered":0,"skipped":0,"pct":0},"branches":{"total":32,"covered":0,"skipped":0,"pct":0}}
,"/home/marouane/Downloads/ chafi3-marouane-kermaoui/greenmarket/src/pages/ActivityLog.jsx": {"lines":{"total":22,"covered":0,"skipped":0,"pct":0},"functions":{"total":4,"covered":0,"skipped":0,"pct":0},"statements":{"total":22,"covered":0,"skipped":0,"pct":0},"branches":{"total":13,"covered":0,"skipped":0,"pct":0}}
,"/home/marouane/Downloads/ chafi3-marouane-kermaoui/greenmarket/src/pages/BankAccount.jsx": {"lines":{"total":158,"covered":0,"skipped":0,"pct":0},"functions":{"total":28,"covered":0,"skipped":0,"pct":0},"statements":{"total":165,"covered":0,"skipped":0,"pct":0},"branches":{"total":124,"covered":0,"skipped":0,"pct":0}}
,"/home/marouane/Downloads/ chafi3-marouane-kermaoui/greenmarket/src/pages/BecomeVendor.jsx": {"lines":{"total":88,"covered":0,"skipped":0,"pct":0},"functions":{"total":15,"covered":0,"skipped":0,"pct":0},"statements":{"total":113,"covered":0,"skipped":0,"pct":0},"branches":{"total":116,"covered":0,"skipped":0,"pct":0}}
,"/home/marouane/Downloads/ chafi3-marouane-kermaoui/greenmarket/src/pages/Cart.jsx": {"lines":{"total":270,"covered":0,"skipped":0,"pct":0},"functions":{"total":65,"covered":0,"skipped":0,"pct":0},"statements":{"total":306,"covered":0,"skipped":0,"pct":0},"branches":{"total":233,"covered":0,"skipped":0,"pct":0}}
,"/home/marouane/Downloads/ chafi3-marouane-kermaoui/greenmarket/src/pages/Chat.jsx": {"lines":{"total":26,"covered":0,"skipped":0,"pct":0},"functions":{"total":8,"covered":0,"skipped":0,"pct":0},"statements":{"total":28,"covered":0,"skipped":0,"pct":0},"branches":{"total":14,"covered":0,"skipped":0,"pct":0}}
,"/home/marouane/Downloads/ chafi3-marouane-kermaoui/greenmarket/src/pages/CheckoutSimplified.jsx": {"lines":{"total":504,"covered":0,"skipped":0,"pct":0},"functions":{"total":118,"covered":0,"skipped":0,"pct":0},"statements":{"total":554,"covered":0,"skipped":0,"pct":0},"branches":{"total":576,"covered":0,"skipped":0,"pct":0}}
,"/home/marouane/Downloads/ chafi3-marouane-kermaoui/greenmarket/src/pages/Contact.jsx": {"lines":{"total":29,"covered":0,"skipped":0,"pct":0},"functions":{"total":7,"covered":0,"skipped":0,"pct":0},"statements":{"total":31,"covered":0,"skipped":0,"pct":0},"branches":{"total":10,"covered":0,"skipped":0,"pct":0}}
,"/home/marouane/Downloads/ chafi3-marouane-kermaoui/greenmarket/src/pages/Favorites.jsx": {"lines":{"total":71,"covered":0,"skipped":0,"pct":0},"functions":{"total":25,"covered":0,"skipped":0,"pct":0},"statements":{"total":75,"covered":0,"skipped":0,"pct":0},"branches":{"total":82,"covered":0,"skipped":0,"pct":0}}
,"/home/marouane/Downloads/ chafi3-marouane-kermaoui/greenmarket/src/pages/HelpCenter.jsx": {"lines":{"total":58,"covered":0,"skipped":0,"pct":0},"functions":{"total":14,"covered":0,"skipped":0,"pct":0},"statements":{"total":60,"covered":0,"skipped":0,"pct":0},"branches":{"total":28,"covered":0,"skipped":0,"pct":0}}
,"/home/marouane/Downloads/ chafi3-marouane-kermaoui/greenmarket/src/pages/Home.jsx": {"lines":{"total":80,"covered":0,"skipped":0,"pct":0},"functions":{"total":17,"covered":0,"skipped":0,"pct":0},"statements":{"total":88,"covered":0,"skipped":0,"pct":0},"branches":{"total":38,"covered":0,"skipped":0,"pct":0}}
,"/home/marouane/Downloads/ chafi3-marouane-kermaoui/greenmarket/src/pages/Marketplace.jsx": {"lines":{"total":115,"covered":0,"skipped":0,"pct":0},"functions":{"total":47,"covered":0,"skipped":0,"pct":0},"statements":{"total":119,"covered":0,"skipped":0,"pct":0},"branches":{"total":79,"covered":0,"skipped":0,"pct":0}}
,"/home/marouane/Downloads/ chafi3-marouane-kermaoui/greenmarket/src/pages/Messages.jsx": {"lines":{"total":101,"covered":0,"skipped":0,"pct":0},"functions":{"total":26,"covered":0,"skipped":0,"pct":0},"statements":{"total":111,"covered":0,"skipped":0,"pct":0},"branches":{"total":82,"covered":0,"skipped":0,"pct":0}}
,"/home/marouane/Downloads/ chafi3-marouane-kermaoui/greenmarket/src/pages/NotFound.jsx": {"lines":{"total":3,"covered":0,"skipped":0,"pct":0},"functions":{"total":1,"covered":0,"skipped":0,"pct":0},"statements":{"total":3,"covered":0,"skipped":0,"pct":0},"branches":{"total":0,"covered":0,"skipped":0,"pct":100}}
,"/home/marouane/Downloads/ chafi3-marouane-kermaoui/greenmarket/src/pages/Notifications.jsx": {"lines":{"total":193,"covered":0,"skipped":0,"pct":0},"functions":{"total":59,"covered":0,"skipped":0,"pct":0},"statements":{"total":215,"covered":0,"skipped":0,"pct":0},"branches":{"total":149,"covered":0,"skipped":0,"pct":0}}
,"/home/marouane/Downloads/ chafi3-marouane-kermaoui/greenmarket/src/pages/OrderConfirmation.jsx": {"lines":{"total":101,"covered":0,"skipped":0,"pct":0},"functions":{"total":14,"covered":0,"skipped":0,"pct":0},"statements":{"total":104,"covered":0,"skipped":0,"pct":0},"branches":{"total":138,"covered":0,"skipped":0,"pct":0}}
,"/home/marouane/Downloads/ chafi3-marouane-kermaoui/greenmarket/src/pages/OrderDetail.jsx": {"lines":{"total":366,"covered":0,"skipped":0,"pct":0},"functions":{"total":78,"covered":0,"skipped":0,"pct":0},"statements":{"total":391,"covered":0,"skipped":0,"pct":0},"branches":{"total":439,"covered":0,"skipped":0,"pct":0}}
,"/home/marouane/Downloads/ chafi3-marouane-kermaoui/greenmarket/src/pages/OrderTracking.jsx": {"lines":{"total":94,"covered":0,"skipped":0,"pct":0},"functions":{"total":16,"covered":0,"skipped":0,"pct":0},"statements":{"total":99,"covered":0,"skipped":0,"pct":0},"branches":{"total":131,"covered":0,"skipped":0,"pct":0}}
,"/home/marouane/Downloads/ chafi3-marouane-kermaoui/greenmarket/src/pages/Privacy.jsx": {"lines":{"total":7,"covered":0,"skipped":0,"pct":0},"functions":{"total":2,"covered":0,"skipped":0,"pct":0},"statements":{"total":8,"covered":0,"skipped":0,"pct":0},"branches":{"total":10,"covered":0,"skipped":0,"pct":0}}
,"/home/marouane/Downloads/ chafi3-marouane-kermaoui/greenmarket/src/pages/ProductDetail.jsx": {"lines":{"total":209,"covered":0,"skipped":0,"pct":0},"functions":{"total":47,"covered":0,"skipped":0,"pct":0},"statements":{"total":233,"covered":0,"skipped":0,"pct":0},"branches":{"total":254,"covered":0,"skipped":0,"pct":0}}
,"/home/marouane/Downloads/ chafi3-marouane-kermaoui/greenmarket/src/pages/Profile.jsx": {"lines":{"total":141,"covered":0,"skipped":0,"pct":0},"functions":{"total":29,"covered":0,"skipped":0,"pct":0},"statements":{"total":163,"covered":0,"skipped":0,"pct":0},"branches":{"total":181,"covered":0,"skipped":0,"pct":0}}
,"/home/marouane/Downloads/ chafi3-marouane-kermaoui/greenmarket/src/pages/Returns.jsx": {"lines":{"total":120,"covered":0,"skipped":0,"pct":0},"functions":{"total":37,"covered":0,"skipped":0,"pct":0},"statements":{"total":157,"covered":0,"skipped":0,"pct":0},"branches":{"total":133,"covered":0,"skipped":0,"pct":0}}
,"/home/marouane/Downloads/ chafi3-marouane-kermaoui/greenmarket/src/pages/SearchResults.jsx": {"lines":{"total":94,"covered":0,"skipped":0,"pct":0},"functions":{"total":31,"covered":0,"skipped":0,"pct":0},"statements":{"total":100,"covered":0,"skipped":0,"pct":0},"branches":{"total":85,"covered":0,"skipped":0,"pct":0}}
,"/home/marouane/Downloads/ chafi3-marouane-kermaoui/greenmarket/src/pages/Seasonal.jsx": {"lines":{"total":40,"covered":0,"skipped":0,"pct":0},"functions":{"total":23,"covered":0,"skipped":0,"pct":0},"statements":{"total":47,"covered":0,"skipped":0,"pct":0},"branches":{"total":33,"covered":0,"skipped":0,"pct":0}}
,"/home/marouane/Downloads/ chafi3-marouane-kermaoui/greenmarket/src/pages/Shipping.jsx": {"lines":{"total":3,"covered":0,"skipped":0,"pct":0},"functions":{"total":1,"covered":0,"skipped":0,"pct":0},"statements":{"total":3,"covered":0,"skipped":0,"pct":0},"branches":{"total":0,"covered":0,"skipped":0,"pct":100}}
,"/home/marouane/Downloads/ chafi3-marouane-kermaoui/greenmarket/src/pages/StoreDetail.jsx": {"lines":{"total":282,"covered":0,"skipped":0,"pct":0},"functions":{"total":68,"covered":0,"skipped":0,"pct":0},"statements":{"total":320,"covered":0,"skipped":0,"pct":0},"branches":{"total":259,"covered":0,"skipped":0,"pct":0}}
,"/home/marouane/Downloads/ chafi3-marouane-kermaoui/greenmarket/src/pages/Stores.jsx": {"lines":{"total":131,"covered":0,"skipped":0,"pct":0},"functions":{"total":44,"covered":0,"skipped":0,"pct":0},"statements":{"total":150,"covered":0,"skipped":0,"pct":0},"branches":{"total":124,"covered":0,"skipped":0,"pct":0}}
,"/home/marouane/Downloads/ chafi3-marouane-kermaoui/greenmarket/src/pages/Terms.jsx": {"lines":{"total":7,"covered":0,"skipped":0,"pct":0},"functions":{"total":2,"covered":0,"skipped":0,"pct":0},"statements":{"total":8,"covered":0,"skipped":0,"pct":0},"branches":{"total":10,"covered":0,"skipped":0,"pct":0}}
,"/home/marouane/Downloads/ chafi3-marouane-kermaoui/greenmarket/src/pages/Tracking.jsx": {"lines":{"total":172,"covered":0,"skipped":0,"pct":0},"functions":{"total":54,"covered":0,"skipped":0,"pct":0},"statements":{"total":205,"covered":0,"skipped":0,"pct":0},"branches":{"total":144,"covered":0,"skipped":0,"pct":0}}
,"/home/marouane/Downloads/ chafi3-marouane-kermaoui/greenmarket/src/pages/Unauthorized.jsx": {"lines":{"total":5,"covered":0,"skipped":0,"pct":0},"functions":{"total":2,"covered":0,"skipped":0,"pct":0},"statements":{"total":5,"covered":0,"skipped":0,"pct":0},"branches":{"total":0,"covered":0,"skipped":0,"pct":100}}
,"/home/marouane/Downloads/ chafi3-marouane-kermaoui/greenmarket/src/pages/admin/Analytics.jsx": {"lines":{"total":184,"covered":0,"skipped":0,"pct":0},"functions":{"total":48,"covered":0,"skipped":0,"pct":0},"statements":{"total":192,"covered":0,"skipped":0,"pct":0},"branches":{"total":107,"covered":0,"skipped":0,"pct":0}}
,"/home/marouane/Downloads/ chafi3-marouane-kermaoui/greenmarket/src/pages/admin/CircuitBreakers.jsx": {"lines":{"total":96,"covered":0,"skipped":0,"pct":0},"functions":{"total":43,"covered":0,"skipped":0,"pct":0},"statements":{"total":107,"covered":0,"skipped":0,"pct":0},"branches":{"total":76,"covered":0,"skipped":0,"pct":0}}
,"/home/marouane/Downloads/ chafi3-marouane-kermaoui/greenmarket/src/pages/admin/CommissionManagement.jsx": {"lines":{"total":135,"covered":0,"skipped":0,"pct":0},"functions":{"total":52,"covered":0,"skipped":0,"pct":0},"statements":{"total":154,"covered":0,"skipped":0,"pct":0},"branches":{"total":159,"covered":0,"skipped":0,"pct":0}}
,"/home/marouane/Downloads/ chafi3-marouane-kermaoui/greenmarket/src/pages/admin/Commissions.jsx": {"lines":{"total":47,"covered":0,"skipped":0,"pct":0},"functions":{"total":12,"covered":0,"skipped":0,"pct":0},"statements":{"total":49,"covered":0,"skipped":0,"pct":0},"branches":{"total":48,"covered":0,"skipped":0,"pct":0}}
,"/home/marouane/Downloads/ chafi3-marouane-kermaoui/greenmarket/src/pages/admin/Dashboard.jsx": {"lines":{"total":70,"covered":0,"skipped":0,"pct":0},"functions":{"total":21,"covered":0,"skipped":0,"pct":0},"statements":{"total":78,"covered":0,"skipped":0,"pct":0},"branches":{"total":44,"covered":0,"skipped":0,"pct":0}}
,"/home/marouane/Downloads/ chafi3-marouane-kermaoui/greenmarket/src/pages/admin/DisputeManagement.jsx": {"lines":{"total":129,"covered":0,"skipped":0,"pct":0},"functions":{"total":32,"covered":0,"skipped":0,"pct":0},"statements":{"total":136,"covered":0,"skipped":0,"pct":0},"branches":{"total":132,"covered":0,"skipped":0,"pct":0}}
,"/home/marouane/Downloads/ chafi3-marouane-kermaoui/greenmarket/src/pages/admin/DriverVerification.jsx": {"lines":{"total":62,"covered":0,"skipped":0,"pct":0},"functions":{"total":14,"covered":0,"skipped":0,"pct":0},"statements":{"total":65,"covered":0,"skipped":0,"pct":0},"branches":{"total":64,"covered":0,"skipped":0,"pct":0}}
,"/home/marouane/Downloads/ chafi3-marouane-kermaoui/greenmarket/src/pages/admin/Drivers.jsx": {"lines":{"total":75,"covered":0,"skipped":0,"pct":0},"functions":{"total":24,"covered":0,"skipped":0,"pct":0},"statements":{"total":88,"covered":0,"skipped":0,"pct":0},"branches":{"total":91,"covered":0,"skipped":0,"pct":0}}
,"/home/marouane/Downloads/ chafi3-marouane-kermaoui/greenmarket/src/pages/admin/FraudReports.jsx": {"lines":{"total":91,"covered":0,"skipped":0,"pct":0},"functions":{"total":38,"covered":0,"skipped":0,"pct":0},"statements":{"total":105,"covered":0,"skipped":0,"pct":0},"branches":{"total":81,"covered":0,"skipped":0,"pct":0}}
,"/home/marouane/Downloads/ chafi3-marouane-kermaoui/greenmarket/src/pages/admin/Moderation.jsx": {"lines":{"total":148,"covered":0,"skipped":0,"pct":0},"functions":{"total":45,"covered":0,"skipped":0,"pct":0},"statements":{"total":164,"covered":0,"skipped":0,"pct":0},"branches":{"total":141,"covered":0,"skipped":0,"pct":0}}
,"/home/marouane/Downloads/ chafi3-marouane-kermaoui/greenmarket/src/pages/admin/Orders.jsx": {"lines":{"total":244,"covered":0,"skipped":0,"pct":0},"functions":{"total":66,"covered":0,"skipped":0,"pct":0},"statements":{"total":264,"covered":0,"skipped":0,"pct":0},"branches":{"total":218,"covered":0,"skipped":0,"pct":0}}
,"/home/marouane/Downloads/ chafi3-marouane-kermaoui/greenmarket/src/pages/admin/Payouts.jsx": {"lines":{"total":204,"covered":0,"skipped":0,"pct":0},"functions":{"total":48,"covered":0,"skipped":0,"pct":0},"statements":{"total":226,"covered":0,"skipped":0,"pct":0},"branches":{"total":176,"covered":0,"skipped":0,"pct":0}}
,"/home/marouane/Downloads/ chafi3-marouane-kermaoui/greenmarket/src/pages/admin/Products.jsx": {"lines":{"total":101,"covered":0,"skipped":0,"pct":0},"functions":{"total":32,"covered":0,"skipped":0,"pct":0},"statements":{"total":110,"covered":0,"skipped":0,"pct":0},"branches":{"total":84,"covered":0,"skipped":0,"pct":0}}
,"/home/marouane/Downloads/ chafi3-marouane-kermaoui/greenmarket/src/pages/admin/Reports.jsx": {"lines":{"total":40,"covered":0,"skipped":0,"pct":0},"functions":{"total":9,"covered":0,"skipped":0,"pct":0},"statements":{"total":46,"covered":0,"skipped":0,"pct":0},"branches":{"total":34,"covered":0,"skipped":0,"pct":0}}
,"/home/marouane/Downloads/ chafi3-marouane-kermaoui/greenmarket/src/pages/admin/Reviews.jsx": {"lines":{"total":125,"covered":0,"skipped":0,"pct":0},"functions":{"total":27,"covered":0,"skipped":0,"pct":0},"statements":{"total":135,"covered":0,"skipped":0,"pct":0},"branches":{"total":104,"covered":0,"skipped":0,"pct":0}}
,"/home/marouane/Downloads/ chafi3-marouane-kermaoui/greenmarket/src/pages/admin/Security.jsx": {"lines":{"total":176,"covered":0,"skipped":0,"pct":0},"functions":{"total":44,"covered":0,"skipped":0,"pct":0},"statements":{"total":188,"covered":0,"skipped":0,"pct":0},"branches":{"total":127,"covered":0,"skipped":0,"pct":0}}
,"/home/marouane/Downloads/ chafi3-marouane-kermaoui/greenmarket/src/pages/admin/Settings.jsx": {"lines":{"total":73,"covered":0,"skipped":0,"pct":0},"functions":{"total":27,"covered":0,"skipped":0,"pct":0},"statements":{"total":74,"covered":0,"skipped":0,"pct":0},"branches":{"total":60,"covered":0,"skipped":0,"pct":0}}
,"/home/marouane/Downloads/ chafi3-marouane-kermaoui/greenmarket/src/pages/admin/SettingsAuditLog.jsx": {"lines":{"total":42,"covered":0,"skipped":0,"pct":0},"functions":{"total":13,"covered":0,"skipped":0,"pct":0},"statements":{"total":45,"covered":0,"skipped":0,"pct":0},"branches":{"total":47,"covered":0,"skipped":0,"pct":0}}
,"/home/marouane/Downloads/ chafi3-marouane-kermaoui/greenmarket/src/pages/admin/SupportTickets.jsx": {"lines":{"total":42,"covered":0,"skipped":0,"pct":0},"functions":{"total":11,"covered":0,"skipped":0,"pct":0},"statements":{"total":44,"covered":0,"skipped":0,"pct":0},"branches":{"total":28,"covered":0,"skipped":0,"pct":0}}
,"/home/marouane/Downloads/ chafi3-marouane-kermaoui/greenmarket/src/pages/admin/Users.jsx": {"lines":{"total":108,"covered":0,"skipped":0,"pct":0},"functions":{"total":35,"covered":0,"skipped":0,"pct":0},"statements":{"total":124,"covered":0,"skipped":0,"pct":0},"branches":{"total":68,"covered":0,"skipped":0,"pct":0}}
,"/home/marouane/Downloads/ chafi3-marouane-kermaoui/greenmarket/src/pages/admin/Vendors.jsx": {"lines":{"total":161,"covered":0,"skipped":0,"pct":0},"functions":{"total":38,"covered":0,"skipped":0,"pct":0},"statements":{"total":166,"covered":0,"skipped":0,"pct":0},"branches":{"total":125,"covered":0,"skipped":0,"pct":0}}
,"/home/marouane/Downloads/ chafi3-marouane-kermaoui/greenmarket/src/pages/admin/Verification.jsx": {"lines":{"total":2,"covered":0,"skipped":0,"pct":0},"functions":{"total":1,"covered":0,"skipped":0,"pct":0},"statements":{"total":2,"covered":0,"skipped":0,"pct":0},"branches":{"total":0,"covered":0,"skipped":0,"pct":100}}
,"/home/marouane/Downloads/ chafi3-marouane-kermaoui/greenmarket/src/pages/auth/AuthCallback.jsx": {"lines":{"total":111,"covered":0,"skipped":0,"pct":0},"functions":{"total":13,"covered":0,"skipped":0,"pct":0},"statements":{"total":114,"covered":0,"skipped":0,"pct":0},"branches":{"total":72,"covered":0,"skipped":0,"pct":0}}
,"/home/marouane/Downloads/ chafi3-marouane-kermaoui/greenmarket/src/pages/auth/ForgotPassword.jsx": {"lines":{"total":37,"covered":0,"skipped":0,"pct":0},"functions":{"total":5,"covered":0,"skipped":0,"pct":0},"statements":{"total":39,"covered":0,"skipped":0,"pct":0},"branches":{"total":26,"covered":0,"skipped":0,"pct":0}}
,"/home/marouane/Downloads/ chafi3-marouane-kermaoui/greenmarket/src/pages/auth/Login.jsx": {"lines":{"total":61,"covered":0,"skipped":0,"pct":0},"functions":{"total":8,"covered":0,"skipped":0,"pct":0},"statements":{"total":61,"covered":0,"skipped":0,"pct":0},"branches":{"total":53,"covered":0,"skipped":0,"pct":0}}
,"/home/marouane/Downloads/ chafi3-marouane-kermaoui/greenmarket/src/pages/auth/Register.jsx": {"lines":{"total":97,"covered":0,"skipped":0,"pct":0},"functions":{"total":16,"covered":0,"skipped":0,"pct":0},"statements":{"total":99,"covered":0,"skipped":0,"pct":0},"branches":{"total":111,"covered":0,"skipped":0,"pct":0}}
,"/home/marouane/Downloads/ chafi3-marouane-kermaoui/greenmarket/src/pages/auth/ResetPassword.jsx": {"lines":{"total":71,"covered":0,"skipped":0,"pct":0},"functions":{"total":12,"covered":0,"skipped":0,"pct":0},"statements":{"total":73,"covered":0,"skipped":0,"pct":0},"branches":{"total":59,"covered":0,"skipped":0,"pct":0}}
,"/home/marouane/Downloads/ chafi3-marouane-kermaoui/greenmarket/src/pages/auth/VerifyEmail.jsx": {"lines":{"total":67,"covered":0,"skipped":0,"pct":0},"functions":{"total":10,"covered":0,"skipped":0,"pct":0},"statements":{"total":72,"covered":0,"skipped":0,"pct":0},"branches":{"total":36,"covered":0,"skipped":0,"pct":0}}
,"/home/marouane/Downloads/ chafi3-marouane-kermaoui/greenmarket/src/pages/buyer/Addresses.jsx": {"lines":{"total":94,"covered":0,"skipped":0,"pct":0},"functions":{"total":38,"covered":0,"skipped":0,"pct":0},"statements":{"total":113,"covered":0,"skipped":0,"pct":0},"branches":{"total":74,"covered":0,"skipped":0,"pct":0}}
,"/home/marouane/Downloads/ chafi3-marouane-kermaoui/greenmarket/src/pages/buyer/Coupons.jsx": {"lines":{"total":39,"covered":0,"skipped":0,"pct":0},"functions":{"total":13,"covered":0,"skipped":0,"pct":0},"statements":{"total":41,"covered":0,"skipped":0,"pct":0},"branches":{"total":42,"covered":0,"skipped":0,"pct":0}}
,"/home/marouane/Downloads/ chafi3-marouane-kermaoui/greenmarket/src/pages/buyer/Dashboard.jsx": {"lines":{"total":134,"covered":0,"skipped":0,"pct":0},"functions":{"total":51,"covered":0,"skipped":0,"pct":0},"statements":{"total":145,"covered":0,"skipped":0,"pct":0},"branches":{"total":126,"covered":0,"skipped":0,"pct":0}}
,"/home/marouane/Downloads/ chafi3-marouane-kermaoui/greenmarket/src/pages/buyer/Loyalty.jsx": {"lines":{"total":75,"covered":0,"skipped":0,"pct":0},"functions":{"total":20,"covered":0,"skipped":0,"pct":0},"statements":{"total":81,"covered":0,"skipped":0,"pct":0},"branches":{"total":113,"covered":0,"skipped":0,"pct":0}}
,"/home/marouane/Downloads/ chafi3-marouane-kermaoui/greenmarket/src/pages/buyer/Orders.jsx": {"lines":{"total":222,"covered":0,"skipped":0,"pct":0},"functions":{"total":53,"covered":0,"skipped":0,"pct":0},"statements":{"total":245,"covered":0,"skipped":0,"pct":0},"branches":{"total":187,"covered":0,"skipped":0,"pct":0}}
,"/home/marouane/Downloads/ chafi3-marouane-kermaoui/greenmarket/src/pages/buyer/RFQ.jsx": {"lines":{"total":97,"covered":0,"skipped":0,"pct":0},"functions":{"total":34,"covered":0,"skipped":0,"pct":0},"statements":{"total":105,"covered":0,"skipped":0,"pct":0},"branches":{"total":61,"covered":0,"skipped":0,"pct":0}}
,"/home/marouane/Downloads/ chafi3-marouane-kermaoui/greenmarket/src/pages/buyer/Security.jsx": {"lines":{"total":109,"covered":0,"skipped":0,"pct":0},"functions":{"total":22,"covered":0,"skipped":0,"pct":0},"statements":{"total":111,"covered":0,"skipped":0,"pct":0},"branches":{"total":91,"covered":0,"skipped":0,"pct":0}}
,"/home/marouane/Downloads/ chafi3-marouane-kermaoui/greenmarket/src/pages/buyer/Settings.jsx": {"lines":{"total":147,"covered":0,"skipped":0,"pct":0},"functions":{"total":47,"covered":0,"skipped":0,"pct":0},"statements":{"total":164,"covered":0,"skipped":0,"pct":0},"branches":{"total":104,"covered":0,"skipped":0,"pct":0}}
,"/home/marouane/Downloads/ chafi3-marouane-kermaoui/greenmarket/src/pages/buyer/ShoppingLists.jsx": {"lines":{"total":73,"covered":0,"skipped":0,"pct":0},"functions":{"total":21,"covered":0,"skipped":0,"pct":0},"statements":{"total":82,"covered":0,"skipped":0,"pct":0},"branches":{"total":62,"covered":0,"skipped":0,"pct":0}}
,"/home/marouane/Downloads/ chafi3-marouane-kermaoui/greenmarket/src/pages/driver/Active.jsx": {"lines":{"total":35,"covered":0,"skipped":0,"pct":0},"functions":{"total":10,"covered":0,"skipped":0,"pct":0},"statements":{"total":36,"covered":0,"skipped":0,"pct":0},"branches":{"total":26,"covered":0,"skipped":0,"pct":0}}
,"/home/marouane/Downloads/ chafi3-marouane-kermaoui/greenmarket/src/pages/driver/Available.jsx": {"lines":{"total":42,"covered":0,"skipped":0,"pct":0},"functions":{"total":12,"covered":0,"skipped":0,"pct":0},"statements":{"total":44,"covered":0,"skipped":0,"pct":0},"branches":{"total":48,"covered":0,"skipped":0,"pct":0}}
,"/home/marouane/Downloads/ chafi3-marouane-kermaoui/greenmarket/src/pages/driver/Dashboard.jsx": {"lines":{"total":66,"covered":0,"skipped":0,"pct":0},"functions":{"total":30,"covered":0,"skipped":0,"pct":0},"statements":{"total":74,"covered":0,"skipped":0,"pct":0},"branches":{"total":72,"covered":0,"skipped":0,"pct":0}}
,"/home/marouane/Downloads/ chafi3-marouane-kermaoui/greenmarket/src/pages/driver/DeliveryComplete.jsx": {"lines":{"total":37,"covered":0,"skipped":0,"pct":0},"functions":{"total":6,"covered":0,"skipped":0,"pct":0},"statements":{"total":37,"covered":0,"skipped":0,"pct":0},"branches":{"total":16,"covered":0,"skipped":0,"pct":0}}
,"/home/marouane/Downloads/ chafi3-marouane-kermaoui/greenmarket/src/pages/driver/DeliveryPickup.jsx": {"lines":{"total":36,"covered":0,"skipped":0,"pct":0},"functions":{"total":6,"covered":0,"skipped":0,"pct":0},"statements":{"total":36,"covered":0,"skipped":0,"pct":0},"branches":{"total":22,"covered":0,"skipped":0,"pct":0}}
,"/home/marouane/Downloads/ chafi3-marouane-kermaoui/greenmarket/src/pages/driver/DeliveryTracking.jsx": {"lines":{"total":165,"covered":0,"skipped":0,"pct":0},"functions":{"total":28,"covered":0,"skipped":0,"pct":0},"statements":{"total":171,"covered":0,"skipped":0,"pct":0},"branches":{"total":175,"covered":0,"skipped":0,"pct":0}}
,"/home/marouane/Downloads/ chafi3-marouane-kermaoui/greenmarket/src/pages/driver/Earnings.jsx": {"lines":{"total":66,"covered":0,"skipped":0,"pct":0},"functions":{"total":19,"covered":0,"skipped":0,"pct":0},"statements":{"total":70,"covered":0,"skipped":0,"pct":0},"branches":{"total":50,"covered":0,"skipped":0,"pct":0}}
,"/home/marouane/Downloads/ chafi3-marouane-kermaoui/greenmarket/src/pages/driver/FindVendor.jsx": {"lines":{"total":81,"covered":0,"skipped":0,"pct":0},"functions":{"total":34,"covered":0,"skipped":0,"pct":0},"statements":{"total":91,"covered":0,"skipped":0,"pct":0},"branches":{"total":105,"covered":0,"skipped":0,"pct":0}}
,"/home/marouane/Downloads/ chafi3-marouane-kermaoui/greenmarket/src/pages/driver/History.jsx": {"lines":{"total":75,"covered":0,"skipped":0,"pct":0},"functions":{"total":15,"covered":0,"skipped":0,"pct":0},"statements":{"total":79,"covered":0,"skipped":0,"pct":0},"branches":{"total":54,"covered":0,"skipped":0,"pct":0}}
,"/home/marouane/Downloads/ chafi3-marouane-kermaoui/greenmarket/src/pages/driver/Profile.jsx": {"lines":{"total":44,"covered":0,"skipped":0,"pct":0},"functions":{"total":12,"covered":0,"skipped":0,"pct":0},"statements":{"total":46,"covered":0,"skipped":0,"pct":0},"branches":{"total":30,"covered":0,"skipped":0,"pct":0}}
,"/home/marouane/Downloads/ chafi3-marouane-kermaoui/greenmarket/src/pages/driver/Security.jsx": {"lines":{"total":42,"covered":0,"skipped":0,"pct":0},"functions":{"total":10,"covered":0,"skipped":0,"pct":0},"statements":{"total":42,"covered":0,"skipped":0,"pct":0},"branches":{"total":48,"covered":0,"skipped":0,"pct":0}}
,"/home/marouane/Downloads/ chafi3-marouane-kermaoui/greenmarket/src/pages/driver/Settings.jsx": {"lines":{"total":120,"covered":0,"skipped":0,"pct":0},"functions":{"total":26,"covered":0,"skipped":0,"pct":0},"statements":{"total":123,"covered":0,"skipped":0,"pct":0},"branches":{"total":83,"covered":0,"skipped":0,"pct":0}}
,"/home/marouane/Downloads/ chafi3-marouane-kermaoui/greenmarket/src/pages/driver/VendorPreferenceSetup.jsx": {"lines":{"total":51,"covered":0,"skipped":0,"pct":0},"functions":{"total":9,"covered":0,"skipped":0,"pct":0},"statements":{"total":55,"covered":0,"skipped":0,"pct":0},"branches":{"total":65,"covered":0,"skipped":0,"pct":0}}
,"/home/marouane/Downloads/ chafi3-marouane-kermaoui/greenmarket/src/pages/errors/InternalServerError.jsx": {"lines":{"total":4,"covered":0,"skipped":0,"pct":0},"functions":{"total":2,"covered":0,"skipped":0,"pct":0},"statements":{"total":4,"covered":0,"skipped":0,"pct":0},"branches":{"total":0,"covered":0,"skipped":0,"pct":100}}
,"/home/marouane/Downloads/ chafi3-marouane-kermaoui/greenmarket/src/pages/errors/ServiceUnavailable.jsx": {"lines":{"total":4,"covered":0,"skipped":0,"pct":0},"functions":{"total":2,"covered":0,"skipped":0,"pct":0},"statements":{"total":4,"covered":0,"skipped":0,"pct":0},"branches":{"total":0,"covered":0,"skipped":0,"pct":100}}
,"/home/marouane/Downloads/ chafi3-marouane-kermaoui/greenmarket/src/pages/onboarding/BuyerOnboarding.jsx": {"lines":{"total":3,"covered":0,"skipped":0,"pct":0},"functions":{"total":1,"covered":0,"skipped":0,"pct":0},"statements":{"total":3,"covered":0,"skipped":0,"pct":0},"branches":{"total":0,"covered":0,"skipped":0,"pct":100}}
,"/home/marouane/Downloads/ chafi3-marouane-kermaoui/greenmarket/src/pages/onboarding/DriverOnboarding.jsx": {"lines":{"total":3,"covered":0,"skipped":0,"pct":0},"functions":{"total":1,"covered":0,"skipped":0,"pct":0},"statements":{"total":3,"covered":0,"skipped":0,"pct":0},"branches":{"total":0,"covered":0,"skipped":0,"pct":100}}
,"/home/marouane/Downloads/ chafi3-marouane-kermaoui/greenmarket/src/pages/onboarding/VendorOnboarding.jsx": {"lines":{"total":3,"covered":0,"skipped":0,"pct":0},"functions":{"total":1,"covered":0,"skipped":0,"pct":0},"statements":{"total":3,"covered":0,"skipped":0,"pct":0},"branches":{"total":0,"covered":0,"skipped":0,"pct":100}}
,"/home/marouane/Downloads/ chafi3-marouane-kermaoui/greenmarket/src/pages/orders/ProductCondition.jsx": {"lines":{"total":81,"covered":0,"skipped":0,"pct":0},"functions":{"total":17,"covered":0,"skipped":0,"pct":0},"statements":{"total":95,"covered":0,"skipped":0,"pct":0},"branches":{"total":81,"covered":0,"skipped":0,"pct":0}}
,"/home/marouane/Downloads/ chafi3-marouane-kermaoui/greenmarket/src/pages/vendor/Analytics.jsx": {"lines":{"total":146,"covered":0,"skipped":0,"pct":0},"functions":{"total":31,"covered":0,"skipped":0,"pct":0},"statements":{"total":157,"covered":0,"skipped":0,"pct":0},"branches":{"total":82,"covered":0,"skipped":0,"pct":0}}
,"/home/marouane/Downloads/ chafi3-marouane-kermaoui/greenmarket/src/pages/vendor/Coupons.jsx": {"lines":{"total":106,"covered":0,"skipped":0,"pct":0},"functions":{"total":50,"covered":0,"skipped":0,"pct":0},"statements":{"total":132,"covered":0,"skipped":0,"pct":0},"branches":{"total":130,"covered":0,"skipped":0,"pct":0}}
,"/home/marouane/Downloads/ chafi3-marouane-kermaoui/greenmarket/src/pages/vendor/Dashboard.jsx": {"lines":{"total":243,"covered":0,"skipped":0,"pct":0},"functions":{"total":62,"covered":0,"skipped":0,"pct":0},"statements":{"total":259,"covered":0,"skipped":0,"pct":0},"branches":{"total":226,"covered":0,"skipped":0,"pct":0}}
,"/home/marouane/Downloads/ chafi3-marouane-kermaoui/greenmarket/src/pages/vendor/DeliveryOptionSetup.jsx": {"lines":{"total":52,"covered":0,"skipped":0,"pct":0},"functions":{"total":10,"covered":0,"skipped":0,"pct":0},"statements":{"total":54,"covered":0,"skipped":0,"pct":0},"branches":{"total":39,"covered":0,"skipped":0,"pct":0}}
,"/home/marouane/Downloads/ chafi3-marouane-kermaoui/greenmarket/src/pages/vendor/DigitalContract.jsx": {"lines":{"total":70,"covered":0,"skipped":0,"pct":0},"functions":{"total":26,"covered":0,"skipped":0,"pct":0},"statements":{"total":84,"covered":0,"skipped":0,"pct":0},"branches":{"total":56,"covered":0,"skipped":0,"pct":0}}
[...]
,"/home/marouane/Downloads/ chafi3-marouane-kermaoui/greenmarket/src/services/paymentRecords.js": {"lines":{"total":68,"covered":35,"skipped":0,"pct":51.47},"functions":{"total":14,"covered":5,"skipped":0,"pct":35.71},"statements":{"total":78,"covered":36,"skipped":0,"pct":46.15},"branches":{"total":65,"covered":13,"skipped":0,"pct":20}}
,"/home/marouane/Downloads/ chafi3-marouane-kermaoui/greenmarket/src/services/paymentService.js": {"lines":{"total":72,"covered":0,"skipped":0,"pct":0},"functions":{"total":12,"covered":0,"skipped":0,"pct":0},"statements":{"total":77,"covered":0,"skipped":0,"pct":0},"branches":{"total":46,"covered":0,"skipped":0,"pct":0}}
,"/home/marouane/Downloads/ chafi3-marouane-kermaoui/greenmarket/src/services/phoneOtpService.js": {"lines":{"total":56,"covered":0,"skipped":0,"pct":0},"functions":{"total":8,"covered":0,"skipped":0,"pct":0},"statements":{"total":56,"covered":0,"skipped":0,"pct":0},"branches":{"total":36,"covered":0,"skipped":0,"pct":0}}
,"/home/marouane/Downloads/ chafi3-marouane-kermaoui/greenmarket/src/services/platformSettings.js": {"lines":{"total":104,"covered":0,"skipped":0,"pct":0},"functions":{"total":12,"covered":0,"skipped":0,"pct":0},"statements":{"total":113,"covered":0,"skipped":0,"pct":0},"branches":{"total":50,"covered":0,"skipped":0,"pct":0}}
,"/home/marouane/Downloads/ chafi3-marouane-kermaoui/greenmarket/src/services/productImages.js": {"lines":{"total":69,"covered":35,"skipped":0,"pct":50.72},"functions":{"total":20,"covered":6,"skipped":0,"pct":30},"statements":{"total":88,"covered":37,"skipped":0,"pct":42.04},"branches":{"total":79,"covered":24,"skipped":0,"pct":30.37}}
,"/home/marouane/Downloads/ chafi3-marouane-kermaoui/greenmarket/src/services/profilesService.js": {"lines":{"total":9,"covered":0,"skipped":0,"pct":0},"functions":{"total":2,"covered":0,"skipped":0,"pct":0},"statements":{"total":11,"covered":0,"skipped":0,"pct":0},"branches":{"total":8,"covered":0,"skipped":0,"pct":0}}
,"/home/marouane/Downloads/ chafi3-marouane-kermaoui/greenmarket/src/services/publicTrackingService.js": {"lines":{"total":7,"covered":6,"skipped":0,"pct":85.71},"functions":{"total":1,"covered":1,"skipped":0,"pct":100},"statements":{"total":7,"covered":6,"skipped":0,"pct":85.71},"branches":{"total":10,"covered":5,"skipped":0,"pct":50}}
,"/home/marouane/Downloads/ chafi3-marouane-kermaoui/greenmarket/src/services/queryClient.js": {"lines":{"total":6,"covered":0,"skipped":0,"pct":0},"functions":{"total":3,"covered":0,"skipped":0,"pct":0},"statements":{"total":6,"covered":0,"skipped":0,"pct":0},"branches":{"total":5,"covered":0,"skipped":0,"pct":0}}
,"/home/marouane/Downloads/ chafi3-marouane-kermaoui/greenmarket/src/services/realtime.js": {"lines":{"total":159,"covered":22,"skipped":0,"pct":13.83},"functions":{"total":56,"covered":4,"skipped":0,"pct":7.14},"statements":{"total":189,"covered":23,"skipped":0,"pct":12.16},"branches":{"total":56,"covered":3,"skipped":0,"pct":5.35}}
,"/home/marouane/Downloads/ chafi3-marouane-kermaoui/greenmarket/src/services/realtimeManager.js": {"lines":{"total":35,"covered":19,"skipped":0,"pct":54.28},"functions":{"total":11,"covered":5,"skipped":0,"pct":45.45},"statements":{"total":37,"covered":20,"skipped":0,"pct":54.05},"branches":{"total":13,"covered":6,"skipped":0,"pct":46.15}}
,"/home/marouane/Downloads/ chafi3-marouane-kermaoui/greenmarket/src/services/refundPolicyService.js": {"lines":{"total":16,"covered":0,"skipped":0,"pct":0},"functions":{"total":3,"covered":0,"skipped":0,"pct":0},"statements":{"total":17,"covered":0,"skipped":0,"pct":0},"branches":{"total":16,"covered":0,"skipped":0,"pct":0}}
,"/home/marouane/Downloads/ chafi3-marouane-kermaoui/greenmarket/src/services/returns.js": {"lines":{"total":74,"covered":0,"skipped":0,"pct":0},"functions":{"total":12,"covered":0,"skipped":0,"pct":0},"statements":{"total":84,"covered":0,"skipped":0,"pct":0},"branches":{"total":94,"covered":0,"skipped":0,"pct":0}}
,"/home/marouane/Downloads/ chafi3-marouane-kermaoui/greenmarket/src/services/reviewService.js": {"lines":{"total":54,"covered":10,"skipped":0,"pct":18.51},"functions":{"total":9,"covered":5,"skipped":0,"pct":55.55},"statements":{"total":61,"covered":10,"skipped":0,"pct":16.39},"branches":{"total":64,"covered":4,"skipped":0,"pct":6.25}}
,"/home/marouane/Downloads/ chafi3-marouane-kermaoui/greenmarket/src/services/rfqService.js": {"lines":{"total":61,"covered":0,"skipped":0,"pct":0},"functions":{"total":12,"covered":0,"skipped":0,"pct":0},"statements":{"total":69,"covered":0,"skipped":0,"pct":0},"branches":{"total":66,"covered":0,"skipped":0,"pct":0}}
,"/home/marouane/Downloads/ chafi3-marouane-kermaoui/greenmarket/src/services/sentry.js": {"lines":{"total":52,"covered":0,"skipped":0,"pct":0},"functions":{"total":14,"covered":0,"skipped":0,"pct":0},"statements":{"total":66,"covered":0,"skipped":0,"pct":0},"branches":{"total":53,"covered":0,"skipped":0,"pct":0}}
,"/home/marouane/Downloads/ chafi3-marouane-kermaoui/greenmarket/src/services/shippingCalculator.js": {"lines":{"total":128,"covered":65,"skipped":0,"pct":50.78},"functions":{"total":16,"covered":11,"skipped":0,"pct":68.75},"statements":{"total":138,"covered":68,"skipped":0,"pct":49.27},"branches":{"total":117,"covered":54,"skipped":0,"pct":46.15}}
,"/home/marouane/Downloads/ chafi3-marouane-kermaoui/greenmarket/src/services/storeEmergencyService.js": {"lines":{"total":35,"covered":0,"skipped":0,"pct":0},"functions":{"total":6,"covered":0,"skipped":0,"pct":0},"statements":{"total":37,"covered":0,"skipped":0,"pct":0},"branches":{"total":29,"covered":0,"skipped":0,"pct":0}}
,"/home/marouane/Downloads/ chafi3-marouane-kermaoui/greenmarket/src/services/storeTypeService.js": {"lines":{"total":87,"covered":58,"skipped":0,"pct":66.66},"functions":{"total":21,"covered":12,"skipped":0,"pct":57.14},"statements":{"total":99,"covered":62,"skipped":0,"pct":62.62},"branches":{"total":87,"covered":32,"skipped":0,"pct":36.78}}
,"/home/marouane/Downloads/ chafi3-marouane-kermaoui/greenmarket/src/services/supabase.js": {"lines":{"total":117,"covered":0,"skipped":0,"pct":0},"functions":{"total":35,"covered":0,"skipped":0,"pct":0},"statements":{"total":128,"covered":0,"skipped":0,"pct":0},"branches":{"total":42,"covered":0,"skipped":0,"pct":0}}
,"/home/marouane/Downloads/ chafi3-marouane-kermaoui/greenmarket/src/services/supportTickets.js": {"lines":{"total":7,"covered":0,"skipped":0,"pct":0},"functions":{"total":1,"covered":0,"skipped":0,"pct":0},"statements":{"total":7,"covered":0,"skipped":0,"pct":0},"branches":{"total":16,"covered":0,"skipped":0,"pct":0}}
,"/home/marouane/Downloads/ chafi3-marouane-kermaoui/greenmarket/src/services/trustScoreService.js": {"lines":{"total":81,"covered":33,"skipped":0,"pct":40.74},"functions":{"total":15,"covered":5,"skipped":0,"pct":33.33},"statements":{"total":88,"covered":35,"skipped":0,"pct":39.77},"branches":{"total":75,"covered":16,"skipped":0,"pct":21.33}}
,"/home/marouane/Downloads/ chafi3-marouane-kermaoui/greenmarket/src/services/vendorAnalytics.js": {"lines":{"total":120,"covered":69,"skipped":0,"pct":57.5},"functions":{"total":51,"covered":22,"skipped":0,"pct":43.13},"statements":{"total":139,"covered":79,"skipped":0,"pct":56.83},"branches":{"total":109,"covered":35,"skipped":0,"pct":32.11}}
,"/home/marouane/Downloads/ chafi3-marouane-kermaoui/greenmarket/src/services/vendorSecurity.js": {"lines":{"total":113,"covered":0,"skipped":0,"pct":0},"functions":{"total":11,"covered":0,"skipped":0,"pct":0},"statements":{"total":128,"covered":0,"skipped":0,"pct":0},"branches":{"total":78,"covered":0,"skipped":0,"pct":0}}
,"/home/marouane/Downloads/ chafi3-marouane-kermaoui/greenmarket/src/services/vendorSubscriptionService.js": {"lines":{"total":45,"covered":0,"skipped":0,"pct":0},"functions":{"total":8,"covered":0,"skipped":0,"pct":0},"statements":{"total":54,"covered":0,"skipped":0,"pct":0},"branches":{"total":43,"covered":0,"skipped":0,"pct":0}}
,"/home/marouane/Downloads/ chafi3-marouane-kermaoui/greenmarket/src/services/reports/csvExport.js": {"lines":{"total":27,"covered":0,"skipped":0,"pct":0},"functions":{"total":3,"covered":0,"skipped":0,"pct":0},"statements":{"total":27,"covered":0,"skipped":0,"pct":0},"branches":{"total":14,"covered":0,"skipped":0,"pct":0}}
,"/home/marouane/Downloads/ chafi3-marouane-kermaoui/greenmarket/src/services/reports/excelExport.js": {"lines":{"total":27,"covered":0,"skipped":0,"pct":0},"functions":{"total":6,"covered":0,"skipped":0,"pct":0},"statements":{"total":28,"covered":0,"skipped":0,"pct":0},"branches":{"total":11,"covered":0,"skipped":0,"pct":0}}
,"/home/marouane/Downloads/ chafi3-marouane-kermaoui/greenmarket/src/services/reports/pdfExport.js": {"lines":{"total":60,"covered":0,"skipped":0,"pct":0},"functions":{"total":5,"covered":0,"skipped":0,"pct":0},"statements":{"total":63,"covered":0,"skipped":0,"pct":0},"branches":{"total":26,"covered":0,"skipped":0,"pct":0}}
,"/home/marouane/Downloads/ chafi3-marouane-kermaoui/greenmarket/src/services/reports/reportService.js": {"lines":{"total":34,"covered":0,"skipped":0,"pct":0},"functions":{"total":7,"covered":0,"skipped":0,"pct":0},"statements":{"total":42,"covered":0,"skipped":0,"pct":0},"branches":{"total":44,"covered":0,"skipped":0,"pct":0}}
,"/home/marouane/Downloads/ chafi3-marouane-kermaoui/greenmarket/src/services/search/algoliaService.js": {"lines":{"total":5,"covered":0,"skipped":0,"pct":0},"functions":{"total":4,"covered":0,"skipped":0,"pct":0},"statements":{"total":5,"covered":0,"skipped":0,"pct":0},"branches":{"total":4,"covered":0,"skipped":0,"pct":0}}
,"/home/marouane/Downloads/ chafi3-marouane-kermaoui/greenmarket/src/services/search/productSearchHelpers.js": {"lines":{"total":28,"covered":26,"skipped":0,"pct":92.85},"functions":{"total":8,"covered":8,"skipped":0,"pct":100},"statements":{"total":36,"covered":30,"skipped":0,"pct":83.33},"branches":{"total":105,"covered":58,"skipped":0,"pct":55.23}}
,"/home/marouane/Downloads/ chafi3-marouane-kermaoui/greenmarket/src/services/search/productSearchService.js": {"lines":{"total":140,"covered":24,"skipped":0,"pct":17.14},"functions":{"total":19,"covered":1,"skipped":0,"pct":5.26},"statements":{"total":151,"covered":24,"skipped":0,"pct":15.89},"branches":{"total":122,"covered":10,"skipped":0,"pct":8.19}}
,"/home/marouane/Downloads/ chafi3-marouane-kermaoui/greenmarket/src/services/sms/smsService.js": {"lines":{"total":25,"covered":0,"skipped":0,"pct":0},"functions":{"total":8,"covered":0,"skipped":0,"pct":0},"statements":{"total":31,"covered":0,"skipped":0,"pct":0},"branches":{"total":22,"covered":0,"skipped":0,"pct":0}}
,"/home/marouane/Downloads/ chafi3-marouane-kermaoui/greenmarket/src/services/webhooks/cmiWebhook.js": {"lines":{"total":11,"covered":0,"skipped":0,"pct":0},"functions":{"total":4,"covered":0,"skipped":0,"pct":0},"statements":{"total":14,"covered":0,"skipped":0,"pct":0},"branches":{"total":9,"covered":0,"skipped":0,"pct":0}}
,"/home/marouane/Downloads/ chafi3-marouane-kermaoui/greenmarket/src/services/webhooks/stripeWebhook.js": {"lines":{"total":17,"covered":0,"skipped":0,"pct":0},"functions":{"total":5,"covered":0,"skipped":0,"pct":0},"statements":{"total":22,"covered":0,"skipped":0,"pct":0},"branches":{"total":17,"covered":0,"skipped":0,"pct":0}}
,"/home/marouane/Downloads/ chafi3-marouane-kermaoui/greenmarket/src/store/authStore.js": {"lines":{"total":394,"covered":0,"skipped":0,"pct":0},"functions":{"total":35,"covered":0,"skipped":0,"pct":0},"statements":{"total":410,"covered":0,"skipped":0,"pct":0},"branches":{"total":250,"covered":0,"skipped":0,"pct":0}}
,"/home/marouane/Downloads/ chafi3-marouane-kermaoui/greenmarket/src/store/cartStore.js": {"lines":{"total":151,"covered":0,"skipped":0,"pct":0},"functions":{"total":43,"covered":0,"skipped":0,"pct":0},"statements":{"total":169,"covered":0,"skipped":0,"pct":0},"branches":{"total":157,"covered":0,"skipped":0,"pct":0}}
,"/home/marouane/Downloads/ chafi3-marouane-kermaoui/greenmarket/src/store/favoritesStore.js": {"lines":{"total":56,"covered":0,"skipped":0,"pct":0},"functions":{"total":21,"covered":0,"skipped":0,"pct":0},"statements":{"total":61,"covered":0,"skipped":0,"pct":0},"branches":{"total":35,"covered":0,"skipped":0,"pct":0}}
,"/home/marouane/Downloads/ chafi3-marouane-kermaoui/greenmarket/src/store/languageStore.js": {"lines":{"total":11,"covered":0,"skipped":0,"pct":0},"functions":{"total":4,"covered":0,"skipped":0,"pct":0},"statements":{"total":12,"covered":0,"skipped":0,"pct":0},"branches":{"total":6,"covered":0,"skipped":0,"pct":0}}
,"/home/marouane/Downloads/ chafi3-marouane-kermaoui/greenmarket/src/utils/accessibility.jsx": {"lines":{"total":194,"covered":0,"skipped":0,"pct":0},"functions":{"total":50,"covered":0,"skipped":0,"pct":0},"statements":{"total":201,"covered":0,"skipped":0,"pct":0},"branches":{"total":123,"covered":0,"skipped":0,"pct":0}}
,"/home/marouane/Downloads/ chafi3-marouane-kermaoui/greenmarket/src/utils/analytics.js": {"lines":{"total":16,"covered":0,"skipped":0,"pct":0},"functions":{"total":15,"covered":0,"skipped":0,"pct":0},"statements":{"total":16,"covered":0,"skipped":0,"pct":0},"branches":{"total":38,"covered":0,"skipped":0,"pct":0}}
,"/home/marouane/Downloads/ chafi3-marouane-kermaoui/greenmarket/src/utils/authRedirects.js": {"lines":{"total":37,"covered":31,"skipped":0,"pct":83.78},"functions":{"total":5,"covered":5,"skipped":0,"pct":100},"statements":{"total":37,"covered":31,"skipped":0,"pct":83.78},"branches":{"total":31,"covered":22,"skipped":0,"pct":70.96}}
,"/home/marouane/Downloads/ chafi3-marouane-kermaoui/greenmarket/src/utils/cartQuantity.js": {"lines":{"total":29,"covered":27,"skipped":0,"pct":93.1},"functions":{"total":6,"covered":6,"skipped":0,"pct":100},"statements":{"total":30,"covered":28,"skipped":0,"pct":93.33},"branches":{"total":32,"covered":23,"skipped":0,"pct":71.87}}
,"/home/marouane/Downloads/ chafi3-marouane-kermaoui/greenmarket/src/utils/checkoutCleanup.js": {"lines":{"total":19,"covered":18,"skipped":0,"pct":94.73},"functions":{"total":8,"covered":8,"skipped":0,"pct":100},"statements":{"total":20,"covered":19,"skipped":0,"pct":95},"branches":{"total":9,"covered":7,"skipped":0,"pct":77.77}}
,"/home/marouane/Downloads/ chafi3-marouane-kermaoui/greenmarket/src/utils/cinValidation.js": {"lines":{"total":31,"covered":0,"skipped":0,"pct":0},"functions":{"total":5,"covered":0,"skipped":0,"pct":0},"statements":{"total":33,"covered":0,"skipped":0,"pct":0},"branches":{"total":28,"covered":0,"skipped":0,"pct":0}}
,"/home/marouane/Downloads/ chafi3-marouane-kermaoui/greenmarket/src/utils/csrfProtection.js": {"lines":{"total":75,"covered":0,"skipped":0,"pct":0},"functions":{"total":19,"covered":0,"skipped":0,"pct":0},"statements":{"total":82,"covered":0,"skipped":0,"pct":0},"branches":{"total":26,"covered":0,"skipped":0,"pct":0}}
,"/home/marouane/Downloads/ chafi3-marouane-kermaoui/greenmarket/src/utils/currency.jsx": {"lines":{"total":35,"covered":30,"skipped":0,"pct":85.71},"functions":{"total":4,"covered":3,"skipped":0,"pct":75},"statements":{"total":39,"covered":31,"skipped":0,"pct":79.48},"branches":{"total":62,"covered":42,"skipped":0,"pct":67.74}}
,"/home/marouane/Downloads/ chafi3-marouane-kermaoui/greenmarket/src/utils/encryption.js": {"lines":{"total":171,"covered":0,"skipped":0,"pct":0},"functions":{"total":39,"covered":0,"skipped":0,"pct":0},"statements":{"total":201,"covered":0,"skipped":0,"pct":0},"branches":{"total":88,"covered":0,"skipped":0,"pct":0}}
,"/home/marouane/Downloads/ chafi3-marouane-kermaoui/greenmarket/src/utils/envValidators.js": {"lines":{"total":27,"covered":21,"skipped":0,"pct":77.77},"functions":{"total":6,"covered":5,"skipped":0,"pct":83.33},"statements":{"total":29,"covered":23,"skipped":0,"pct":79.31},"branches":{"total":20,"covered":13,"skipped":0,"pct":65}}
,"/home/marouane/Downloads/ chafi3-marouane-kermaoui/greenmarket/src/utils/errorHandler.js": {"lines":{"total":110,"covered":0,"skipped":0,"pct":0},"functions":{"total":19,"covered":0,"skipped":0,"pct":0},"statements":{"total":116,"covered":0,"skipped":0,"pct":0},"branches":{"total":96,"covered":0,"skipped":0,"pct":0}}
,"/home/marouane/Downloads/ chafi3-marouane-kermaoui/greenmarket/src/utils/logger.js": {"lines":{"total":11,"covered":0,"skipped":0,"pct":0},"functions":{"total":5,"covered":0,"skipped":0,"pct":0},"statements":{"total":11,"covered":0,"skipped":0,"pct":0},"branches":{"total":10,"covered":0,"skipped":0,"pct":0}}
,"/home/marouane/Downloads/ chafi3-marouane-kermaoui/greenmarket/src/utils/performance.jsx": {"lines":{"total":214,"covered":0,"skipped":0,"pct":0},"functions":{"total":61,"covered":0,"skipped":0,"pct":0},"statements":{"total":226,"covered":0,"skipped":0,"pct":0},"branches":{"total":92,"covered":0,"skipped":0,"pct":0}}
,"/home/marouane/Downloads/ chafi3-marouane-kermaoui/greenmarket/src/utils/publicVisibility.js": {"lines":{"total":18,"covered":18,"skipped":0,"pct":100},"functions":{"total":8,"covered":8,"skipped":0,"pct":100},"statements":{"total":26,"covered":24,"skipped":0,"pct":92.3},"branches":{"total":18,"covered":9,"skipped":0,"pct":50}}
,"/home/marouane/Downloads/ chafi3-marouane-kermaoui/greenmarket/src/utils/rateLimiter.js": {"lines":{"total":75,"covered":39,"skipped":0,"pct":52},"functions":{"total":21,"covered":8,"skipped":0,"pct":38.09},"statements":{"total":76,"covered":39,"skipped":0,"pct":51.31},"branches":{"total":33,"covered":9,"skipped":0,"pct":27.27}}
,"/home/marouane/Downloads/ chafi3-marouane-kermaoui/greenmarket/src/utils/sanitization.jsx": {"lines":{"total":133,"covered":16,"skipped":0,"pct":12.03},"functions":{"total":22,"covered":0,"skipped":0,"pct":0},"statements":{"total":155,"covered":16,"skipped":0,"pct":10.32},"branches":{"total":157,"covered":0,"skipped":0,"pct":0}}
,"/home/marouane/Downloads/ chafi3-marouane-kermaoui/greenmarket/src/utils/securityHeaders.js": {"lines":{"total":42,"covered":0,"skipped":0,"pct":0},"functions":{"total":7,"covered":0,"skipped":0,"pct":0},"statements":{"total":42,"covered":0,"skipped":0,"pct":0},"branches":{"total":7,"covered":0,"skipped":0,"pct":0}}
,"/home/marouane/Downloads/ chafi3-marouane-kermaoui/greenmarket/src/utils/staleAssetRecovery.js": {"lines":{"total":37,"covered":15,"skipped":0,"pct":40.54},"functions":{"total":12,"covered":2,"skipped":0,"pct":16.66},"statements":{"total":44,"covered":15,"skipped":0,"pct":34.09},"branches":{"total":23,"covered":5,"skipped":0,"pct":21.73}}
,"/home/marouane/Downloads/ chafi3-marouane-kermaoui/greenmarket/src/utils/validationPrimitives.js": {"lines":{"total":22,"covered":10,"skipped":0,"pct":45.45},"functions":{"total":8,"covered":1,"skipped":0,"pct":12.5},"statements":{"total":25,"covered":10,"skipped":0,"pct":40},"branches":{"total":9,"covered":0,"skipped":0,"pct":0}}
,"/home/marouane/Downloads/ chafi3-marouane-kermaoui/greenmarket/src/utils/validationSchemas.js": {"lines":{"total":80,"covered":42,"skipped":0,"pct":52.5},"functions":{"total":39,"covered":17,"skipped":0,"pct":43.58},"statements":{"total":89,"covered":43,"skipped":0,"pct":48.31},"branches":{"total":46,"covered":10,"skipped":0,"pct":21.73}}
,"/home/marouane/Downloads/ chafi3-marouane-kermaoui/greenmarket/src/utils/validators.js": {"lines":{"total":6,"covered":6,"skipped":0,"pct":100},"functions":{"total":1,"covered":1,"skipped":0,"pct":100},"statements":{"total":6,"covered":6,"skipped":0,"pct":100},"branches":{"total":0,"covered":0,"skipped":0,"pct":100}}
,"/home/marouane/Downloads/ chafi3-marouane-kermaoui/greenmarket/src/utils/withRetry.js": {"lines":{"total":34,"covered":22,"skipped":0,"pct":64.7},"functions":{"total":11,"covered":6,"skipped":0,"pct":54.54},"statements":{"total":41,"covered":26,"skipped":0,"pct":63.41},"branches":{"total":19,"covered":16,"skipped":0,"pct":84.21}}
}
